0:100  0:100  MemLog inited, TSC freq: 3408467880
0:100  0:000  CPU was calibrated with RTC
0:100  0:000  
0:100  0:000  Now is 16.5.2018,  8:59:58 (GMT)
0:100  0:000  Starting Clover revision: 4423 on American Megatrends EFI
0:100  0:000  Build with: [Args: -mc --no-usb -D NO_GRUB_DRIVERS_EMBEDDED -t XCODE8 | -D DISABLE_USB_SUPPORT -D NO_GRUB_DRIVERS_EMBEDDED --conf=/Users/ricky/src/edk2/Conf -D USE_BIOS_BLOCKIO -D USE_LOW_EBDA -a X64 -b RELEASE -t XCODE8 -n 9 | OS: 10.13.4 | XCODE: 9.3]
0:100  0:000  SelfDevicePath=PciRoot(0x0)\Pci(0x17,0x0)\Sata(0x4,0xFFFF,0x0)\HD(1,GPT,BCCEBD14-08A2-43EB-B382-BD24857B4F26,0x800,0x18C800) @66B27118
0:100  0:000  SelfDirPath = \EFI\BOOT
0:101  0:001  === [ Get Smbios ] ========================================
0:113  0:011  Type 16 Index = 0
0:113  0:000  Total Memory Slots Count = 2
0:113  0:000  Type 17 Index = 0
0:113  0:000  SmbiosTable.Type17->Speed = 2400MHz
0:113  0:000  SmbiosTable.Type17->Size = 8192MB
0:113  0:000  SmbiosTable.Type17->Bank/Device = BANK 0 ChannelA-DIMM0
0:113  0:000  SmbiosTable.Type17->Vendor = Samsung
0:113  0:000  SmbiosTable.Type17->SerialNumber = 21DE2D8C
0:113  0:000  SmbiosTable.Type17->PartNumber = M471A1K43CB1-CRC    
0:113  0:000  Type 17 Index = 1
0:113  0:000  Ignoring insane frequency value 0MHz
0:113  0:000  SmbiosTable.Type17->Speed = 0MHz
0:113  0:000  SmbiosTable.Type17->Size = 0MB
0:113  0:000  SmbiosTable.Type17->Bank/Device = BANK 2 ChannelB-DIMM0
0:113  0:000  SmbiosTable.Type17->Vendor = <null string>
0:113  0:000  SmbiosTable.Type17->SerialNumber = <null string>
0:113  0:000  SmbiosTable.Type17->PartNumber = <null string>
0:113  0:000  Boot status=0
0:113  0:000  Running on: 'W65KJ1_KK1 ' with board 'W65KJ1_KK1 '
0:113  0:000  === [ GetCPUProperties ] ==================================
0:113  0:000  CPU Vendor = 756E6547 Model=506E3
0:113  0:000   The CPU supported SSE4.1
0:113  0:000  BrandString = Intel(R) Core(TM) i7-6700 CPU @ 3.40GHz
0:113  0:000   The CPU supported turbo
0:113  0:000  MSR 0x35               40008
0:113  0:000   TSC/CCC Information Leaf:
0:113  0:000    numerator     : 284
0:113  0:000    denominator   : 2
0:113  0:000   Calibrated ARTFrequency: 24003294
0:113  0:000  MSR 0xE2 before patch 7E008007
0:113  0:000  MSR 0xE2 is locked, PM patches will be turned on
0:113  0:000  MSR 0xCE              00080838_F1012200
0:113  0:000  corrected FLEX_RATIO = 0
0:113  0:000  MSR 0x1B0             00000000
0:113  0:000  FSBFrequency = 100 MHz, DMI FSBFrequency = 100 MHz, Corrected FSBFrequency = 100 MHz
0:113  0:000  MaxDiv/MinDiv: 34.0/8
0:113  0:000  Turbo: 37/38/39/40
0:113  0:000  Features: 0xBFEBFBFF
0:113  0:000  Threads: 8
0:113  0:000  Cores: 4
0:113  0:000  FSB: 100 MHz
0:113  0:000  CPU: 3400 MHz
0:113  0:000  TSC: 3400 MHz
0:113  0:000  PIS: 100 MHz
0:113  0:000  ExternalClock: 25 MHz
0:113  0:000  === [ GetDevices ] ========================================
0:113  0:000  PCI (00|00:00.00) : 8086 191F class=060000
0:113  0:000  PCI (00|00:01.00) : 8086 1901 class=060400
0:113  0:000  PCI (00|01:00.00) : 10DE 1C8D class=030200
0:113  0:000  PCI (00|00:02.00) : 8086 1912 class=030000
0:113  0:000   - GFX: Model=Intel HD Graphics 530 (Intel)
0:114  0:000  PCI (00|00:14.00) : 8086 A12F class=0C0330
0:114  0:000  PCI (00|00:16.00) : 8086 A13A class=078000
0:114  0:000  PCI (00|00:17.00) : 8086 A102 class=010601
0:114  0:000  PCI (00|00:1B.00) : 8086 A169 class=060400
0:114  0:000  PCI (00|02:00.00) : 10EC 5287 class=FF0000
0:114  0:000  PCI (00|02:00.01) : 10EC 8168 class=020000
0:114  0:000   - LAN: 0 Vendor=Realtek
0:114  0:000  PCI (00|00:1C.00) : 8086 A113 class=060400
0:114  0:000  PCI (00|03:00.00) : 8086 24FB class=028000
0:114  0:000   - WIFI: Vendor=Intel
0:114  0:000  PCI (00|00:1F.00) : 8086 A144 class=060100
0:114  0:000  PCI (00|00:1F.02) : 8086 A121 class=058000
0:114  0:000  PCI (00|00:1F.03) : 8086 A170 class=040300
0:114  0:000  PCI (00|00:1F.04) : 8086 A123 class=0C0500
0:114  0:000  === [ GetDefaultSettings ] ================================
0:114  0:000  Clover load options size = 0 bytes
0:122  0:007  EFI\CLOVER\config.plist loaded: Success
0:134  0:011  === [ GetListOfThemes ] ===================================
0:135  0:001  - [00]: icons - bad theme because theme.plist can't be load
0:136  0:001  - [00]: scrollbar - bad theme because theme.plist can't be load
0:139  0:002  === [ Found config plists ] ===============================
0:140  0:001  - config.plist
0:141  0:000  === [ GetEarlyUserSettings ] ==============================
0:141  0:000  timeout set to 8
0:141  0:000  Custom boot CUSTOM_BOOT_DISABLED (0x0)
0:141  0:000  FakeCPUID: 306A0
0:141  0:000  KextsToPatch: 5 requested
0:141  0:000   - [00]: AppleIntelSKLGraphicsFramebuffer (10.11.4+-SKL-1912000-4_displays) :: BinPatch :: data len: 4
0:141  0:000   - patch disabled at config
0:141  0:000   - [01]: AppleUSBXHCIPCI (Increase 15 port limit to 18 in AppleUSBXHCIPCI) :: MatchOS: 10.11 :: BinPatch :: data len: 7
0:141  0:000   - [02]: IOGraphicsFamily (Boot graphics glitch, 10.12) :: MatchOS: 10.12 :: BinPatch :: data len: 5
0:141  0:000   - patch disabled at config
0:141  0:000   - [03]: AppleIntelSKLGraphicsFramebuffer (10.11.4-SKL-1912000-Port_0x5-DP2HDM) :: BinPatch :: data len: 12
0:141  0:000   - patch disabled at config
0:141  0:000   - [04]: AppleUSBXHCIPCI (Sierra Increase 15 port limit to 18 in AppleUSBXHCIPCI) :: MatchOS: 10.12 :: BinPatch :: data len: 7
0:141  0:000  Default theme: embedded
0:141  0:000  Hiding entries with string Data
0:141  0:000  Hiding entries with string Recovery HD
0:141  0:000  === [ LoadDrivers ] =======================================
0:143  0:002  Loading AppleImageCodec-64.efi  status=Success
0:151  0:007  Loading AppleKeyAggregator-64.efi  status=Success
0:157  0:006  Loading AppleUITheme-64.efi  status=Success
0:164  0:006  Loading DataHubDxe-64.efi  status=Success
0:171  0:007  Loading Fat-64.efi  status=Success
0:178  0:006   - driver needs connecting
0:178  0:000  Loading FirmwareVolume-64.efi  status=Success
0:184  0:006  Loading FSInject-64.efi  status=Success
0:191  0:006  Loading HFSPlus-64.efi  status=Success
0:198  0:006   - driver needs connecting
0:198  0:000  Loading OsxAptioFix2Drv-64.efi  status=Success
0:204  0:006  Loading OsxFatBinaryDrv-64.efi  status=Success
0:210  0:006  Loading PartitionDxe-64.efi  status=Success
0:217  0:006   - driver needs connecting
0:217  0:000  Loading SMCHelper-64.efi  status=Success
0:223  0:006  Loading VBoxExt4-64.efi  status=Success
0:230  0:006   - driver needs connecting
0:230  0:000  4 drivers needs connecting ...
0:230  0:000  PlatformDriverOverrideProtocol not found. Installing ... Success
0:230  0:000  Partition driver loaded: 
0:230  0:000  HFS+ driver loaded
0:230  0:000  Searching for invalid DiskIo BY_DRIVER connects: not found, all ok
0:318  0:088  === [ InitScreen ] ========================================
0:318  0:000  SetScreenResolution: 1920x1080 - already set
0:318  0:000  Console modes reported: 3, available modes:
0:318  0:000   - [01]: 80x25 (current mode)
0:318  0:000   - [02]: 80x50
0:318  0:000   - [03]: 100x31
0:318  0:000  reinit: self device path=PciRoot(0x0)\Pci(0x17,0x0)\Sata(0x4,0xFFFF,0x0)\HD(1,GPT,BCCEBD14-08A2-43EB-B382-BD24857B4F26,0x800,0x18C800)
0:321  0:002  Using embedded font: Success
0:321  0:000  === [ GetMacAddress ] =====================================
0:321  0:000  MAC address of LAN #0= 80:FA:5B:56:A0:D3:
0:321  0:000  === [ ScanSPD ] ===========================================
0:322  0:000  SMBus device : 8086 A123 class=0C0500 status=Success
0:322  0:000  SMBus CmdReg: 0x3
0:322  0:000  Scanning SMBus [8086:A123], mmio: 0xDF32A004, ioport: 0xF040, hostc: 0x11
0:322  0:000  Slots to scan [8]...
0:322  0:000  SPD[0]: Type 12 @0x50
0:340  0:017  DDR speed 2400MHz
0:340  0:000  Slot: 0 Type 26 8192MB 2400MHz Vendor=Samsung PartNo=M471A1K43CB1-CRC SerialNo=02010D0E020D080C
0:341  0:001  === [ GetAcpiTablesList ] =================================
0:343  0:001  Get Acpi Tables List from RSDT:
0:343  0:000   - [00]: FACP  A M I len=132
0:343  0:000   - [01]: APIC  A M I len=188
0:343  0:000   - [02]: FPDT  A M I len=68
0:343  0:000   - [03]: FIDT  A M I len=156
0:343  0:000   - [04]: MCFG  A M I len=60
0:343  0:000   - [05]: SSDT  A M I len=931
0:343  0:000   - [06]: MSDM  A M I len=85
0:343  0:000   - [07]: SSDT  A M I len=12909
0:343  0:000   - [08]: SSDT  A M I len=10857
0:343  0:000   - [09]: HPET  A M I len=56
0:343  0:000   - [10]: UEFI  A M I len=66
0:343  0:000   - [11]: SSDT  A M I len=3806
0:343  0:000   - [12]: LPIT  A M I len=148
0:343  0:000   - [13]: SSDT  A M I len=321
0:343  0:000   - [14]: SSDT  A M I len=671
0:343  0:000   - [15]: SSDT  A M I len=12290
0:343  0:000   - [16]: SSDT  A M I len=1303
0:343  0:000   - [17]: DBGP  A M I len=52
0:343  0:000   - [18]: DBG2  A M I len=84
0:343  0:000   - [19]: SSDT  A M I len=174
0:343  0:000   - [20]: BGRT  A M I len=56
0:343  0:000   - [21]: TPM2  A M I len=52
0:343  0:000   - [22]: SSDT  A M I len=8303
0:343  0:000   - [23]: ASF!  A M I len=160
0:343  0:000   - [24]: WSMT  A M I len=40
0:343  0:000  Calibrated TSC Frequency = 3408467880 = 3408MHz
0:343  0:000  === [ GetUserSettings ] ===================================
0:343  0:000  USB FixOwnership: yes
0:343  0:000  Dropping 1 tables:
0:343  0:000   - [00]: Drop table  signature="SSDT" (54445353) table-id="CpuSsdt" (0074647353757043)
0:343  0:000           - set table: 54445353,   74647353757043 to drop: no
0:343  0:000   - final DSDT Fix mask=00020011
0:343  0:000  PatchesDSDT: 3 requested
0:343  0:000   - [00]: (change _OSI to XOSI) lenToFind: 4, lenToReplace: 4, Target Bridge: <null string>
0:343  0:000    patch disabled at config
0:343  0:000   - [01]: (change HECI to IMEI) lenToFind: 4, lenToReplace: 4, Target Bridge: <null string>
0:343  0:000   - [02]: (change HDAS to HDEF) lenToFind: 4, lenToReplace: 4, Target Bridge: <null string>
0:343  0:000    patch disabled at config
0:343  0:000  Using ProductName from config: iMac14,1
0:343  0:000  Using latest BiosVersion from clover
0:343  0:000  BiosVersion: IM141.88Z.0128.B00.1802021101
0:343  0:000  BiosReleaseDate: 02/02/2018
0:343  0:000  Using FirmwareFeatures from clover: 0xE00FE137
0:343  0:000  Using FirmwareFeaturesMask from clover: 0xFF1FFF3F
0:343  0:000  Using PlatformFeature from clover: 0x1
0:343  0:000  Board-ID set from config as Mac-031B6874CF7F642A
0:343  0:000  BoardType: 0xA
0:343  0:000  ChassisType: 0x13
0:566  0:223  === [ ScanVolumes ] =======================================
0:566  0:000  Found 6 volumes with blockIO
0:566  0:000  - [00]: Volume: PciRoot(0x0)\Pci(0x17,0x0)\Sata(0x4,0xFFFF,0x0)
0:567  0:000  - [01]: Volume: PciRoot(0x0)\Pci(0x17,0x0)\Sata(0x4,0xFFFF,0x0)\HD(1,GPT,BCCEBD14-08A2-43EB-B382-BD24857B4F26,0x800,0x18C800)
0:567  0:000          Result of bootcode detection: bootable Windows (win)
0:572  0:004          This is SelfVolume !!
0:572  0:000  - [02]: Volume: PciRoot(0x0)\Pci(0x17,0x0)\Sata(0x4,0xFFFF,0x0)\HD(2,GPT,6949454D-78DA-4C01-840C-5A5986E88BD8,0x18D000,0x62D1000)
0:573  0:000          Result of bootcode detection: bootable Windows (vista,win)
0:573  0:000  - [03]: Volume: PciRoot(0x0)\Pci(0x17,0x0)\Sata(0x4,0xFFFF,0x0)\HD(3,GPT,CF966093-EF21-44FB-B8E1-43657E89A886,0x645E000,0x1B5E94D)
0:573  0:000          Result of bootcode detection: bootable Windows (vista,win)
0:573  0:000          hiding this volume
0:573  0:000  - [04]: Volume: PciRoot(0x0)\Pci(0x17,0x0)\Sata(0x4,0xFFFF,0x0)\HD(4,GPT,AF7BFEAB-2825-4F6A-9E25-0F14241637E2,0x7FBD000,0x6D89368)
0:574  0:000  - [05]: Volume: PciRoot(0x0)\Pci(0x17,0x0)\Sata(0x4,0xFFFF,0x0)\HD(5,GPT,FEB1E207-9EB8-420A-B84A-DA7DE3A70308,0xED46368,0x135F20)
0:574  0:000          hiding this volume
0:574  0:000  === [ InitTheme ] =========================================
0:574  0:000   using embedded theme
0:575  0:000  Using embedded font: Success
0:575  0:000  Choosing theme <null string>
0:576  0:000  after NVRAM boot-args=-v -xcpm nv_disable=1
0:576  0:000  === [ Dump SMC keys from NVRAM ] ==========================
0:576  0:000  found AppleSMC protocol
0:644  0:068  Registered 17 SMC keys
0:646  0:002  === [ ScanLoader ] ========================================
0:646  0:000  - [01]: 'EFI'
0:664  0:018  - [02]: 'Windows10'
0:665  0:000          AddLoaderEntry for Volume Name=Windows10
0:666  0:000  - [03]: 'Data', hidden
0:666  0:000  - [04]: 'sierra_'
0:667  0:001          AddLoaderEntry for Volume Name=sierra_
0:667  0:000          hiding entry: \macOS Install Data\Locked Files\Boot Files\boot.efi
0:668  0:001          AddLoaderEntry for Volume Name=sierra_
0:670  0:001      Check if volume Is Hibernated:
0:670  0:000      Check sleep image 'by signature':
0:675  0:004      read prefs \Library\Preferences\com.apple.PowerManagement.plist status=Success
0:675  0:000      using default sleep image name = \private\var\vm\sleepimage
0:677  0:002      no valid sleep image offset was found
0:677  0:000       sleepimage offset could not be acquired
0:677  0:000      hibernated: no - sign
0:680  0:002  - [05]: 'Recovery HD', hidden
0:680  0:000  === [ AddCustomTool ] =====================================
0:680  0:000  === [ GetEfiBootDeviceFromNvram ] =========================
0:681  0:000   - efi-boot-device-data: PciRoot(0x0)\Pci(0x17,0x0)\Sata(0x4,0x0,0x0)\HD(1,GPT,77D28451-0A54-4697-9111-AAF2D114AC23,0x800,0x18C800)\EFI\APPLE\UPDATERS\MULTIUPDATER\MultiUpdater.efii
0:681  0:000    - Volume: 'PciRoot(0x0)\Pci(0x17,0x0)\Sata(0x4,0x0,0x0)\HD(1,GPT,77D28451-0A54-4697-9111-AAF2D114AC23,0x800,0x18C800)'
0:681  0:000    - LoaderPath: '\EFI\APPLE\UPDATERS\MULTIUPDATER\MultiUpdater.efi'
0:681  0:000    - Guid = 77D28451-0A54-4697-9111-AAF2D114AC23
0:681  0:000  === [ FindStartupDiskVolume ] =============================
0:681  0:000    - Volume: partition = PciRoot(0x0)\Pci(0x17,0x0)\Sata(0x4,0x0,0x0)\HD(1,GPT,77D28451-0A54-4697-9111-AAF2D114AC23,0x800,0x18C800)
0:681  0:000     - searching for that partition and loader '\EFI\APPLE\UPDATERS\MULTIUPDATER\MultiUpdater.efi'
0:681  0:000      - [!] not found
0:681  0:000     - searching again, but comparing Media dev path nodes
0:681  0:000      - [!] not found
0:681  0:000     - searching for that partition
0:681  0:000      - [!] not found
0:681  0:000     - searching again, but comparing Media dev path nodes
0:681  0:000      - [!] not found
0:681  0:000  Default boot entry not found
0:681  0:000  DefaultIndex=-1 and MainMenu.EntryCount=6
0:721  0:040  GUI ready
61:386  60:665  Found UEFI Acpi 2.0 RSDP at 6A73E000
61:386  0:000  Saving ACPI tables from RSDP 6A73E000 to EFI\CLOVER\ACPI\origin ...
61:386  0:000   6A73E000: 'RSD PTR ', Rev: 2 (Acpi 2.0 or newer), Len: 36 -> RSDP.aml
61:411  0:024    (Xsdt: 6A73E0B8, Rsdt: 6A73E028)
61:411  0:000    6A73E0B8: 'XSDT', 'A M I', Rev: 1, Len: 236 -> XSDT.aml
61:432  0:021    6A73E028: 'RSDT', 'A M I', Rev: 1, Len: 136 -> RSDT.aml
61:455  0:023    Tables in Xsdt: 25
61:455  0:000    0. 6A75BC18: 'FACP', 'A M I', Rev: 6, Len: 276 -> FACP.aml
61:480  0:024        (Dsdt: 6A73E230, Facs: 6AD2CD80, XDsdt: 6A73E230, XFacs: 0)
61:480  0:000        6A73E230: 'DSDT', 'A M I', Rev: 2, Len: 121320 -> DSDT.aml
61:504  0:024        6AD2CD80: 'FACS', Ver: 2, Len: 64 -> FACS.aml
61:535  0:031    1. 6A75BD30: 'APIC', 'A M I', Rev: 3, Len: 188 -> APIC.aml
61:559  0:023    2. 6A75BDF0: 'FPDT', 'A M I', Rev: 1, Len: 68 -> FPDT.aml
61:582  0:022    3. 6A75BE38: 'FIDT', 'A M I', Rev: 1, Len: 156 -> FIDT.aml
61:603  0:021    4. 6A75BED8: 'MCFG', 'A M I', Rev: 1, Len: 60 -> MCFG.aml
61:627  0:023    5. 6A75BF18: 'SSDT', 'A M I', Rev: 1, Len: 931 -> SSDT-0-A M I.aml
61:651  0:023    6. 6A75C2C0: 'MSDM', 'A M I', Rev: 3, Len: 85 -> MSDM.aml
61:674  0:023    7. 6A75C318: 'SSDT', 'A M I', Rev: 2, Len: 12909 -> SSDT-1-A M I.aml
61:702  0:027    8. 6A75F588: 'SSDT', 'A M I', Rev: 2, Len: 10857 -> SSDT-2-A M I.aml
61:724  0:022    9. 6A761FF8: 'HPET', 'A M I', Rev: 1, Len: 56 -> HPET.aml
61:750  0:025    10. 6A762030: 'UEFI', 'A M I', Rev: 1, Len: 66 -> UEFI.aml
61:771  0:021    11. 6A762078: 'SSDT', 'A M I', Rev: 2, Len: 3806 -> SSDT-3-A M I.aml (Found hidden SSDT 7 pcs)
61:793  0:021        * 6A0BF018: 'SSDT', 'Cpu0Ist', Rev: 2, Len: 1815  53 53 44 54 17 07 00 00 02 AE 50 6D 52 65 66 00 Internal length = 1815 -> SSDT-x3_0-Cpu0Ist.aml
61:818  0:025        * 6A0BE018: 'SSDT', 'ApIst', Rev: 2, Len: 1628  53 53 44 54 5C 06 00 00 02 AF 50 6D 52 65 66 00 Internal length = 1628 -> SSDT-x3_1-ApIst.aml
61:838  0:020        * 6A6DE318: 'SSDT', 'Cpu0Cst', Rev: 2, Len: 1023  53 53 44 54 FF 03 00 00 02 AF 50 6D 52 65 66 00 Internal length = 1023 -> SSDT-x3_2-Cpu0Cst.aml
61:862  0:023        * 6A0BEA98: 'SSDT', 'ApCst', Rev: 2, Len: 394  53 53 44 54 8A 01 00 00 02 39 50 6D 52 65 66 00 Internal length = 394 -> SSDT-x3_3-ApCst.aml
61:888  0:026        * 6A0BFE98: 'SSDT', 'Cpu0Hwp', Rev: 2, Len: 277  53 53 44 54 15 01 00 00 02 AE 50 6D 52 65 66 00 Internal length = 277 -> SSDT-x3_4-Cpu0Hwp.aml
61:912  0:023        * 6A0BD018: 'SSDT', 'ApHwp', Rev: 2, Len: 407  53 53 44 54 97 01 00 00 02 F1 50 6D 52 65 66 00 Internal length = 407 -> SSDT-x3_5-ApHwp.aml
61:936  0:023        * 6A0BFA98: 'SSDT', 'HwpLvt', Rev: 2, Len: 420  53 53 44 54 A4 01 00 00 02 3C 50 6D 52 65 66 00 Internal length = 420 -> SSDT-x3_6-HwpLvt.aml
61:963  0:027  
61:963  0:000    12. 6A762F58: 'LPIT', 'A M I', Rev: 1, Len: 148 -> LPIT.aml
61:986  0:023    13. 6A762FF0: 'SSDT', 'A M I', Rev: 2, Len: 321 -> SSDT-4-A M I.aml
62:011  0:024    14. 6A763138: 'SSDT', 'A M I', Rev: 2, Len: 671 -> SSDT-5-A M I.aml
62:038  0:026    15. 6A7633D8: 'SSDT', 'A M I', Rev: 2, Len: 12290 -> SSDT-6-A M I.aml
62:062  0:023    16. 6A7663E0: 'SSDT', 'A M I', Rev: 2, Len: 1303 -> SSDT-7-A M I.aml
62:086  0:024    17. 6A7668F8: 'DBGP', 'A M I', Rev: 1, Len: 52 -> DBGP.aml
62:109  0:023    18. 6A766930: 'DBG2', 'A M I', Rev: 0, Len: 84 -> DBG2.aml
62:133  0:023    19. 6A766988: 'SSDT', 'A M I', Rev: 2, Len: 174 -> SSDT-8-A M I.aml
62:168  0:035    20. 6A766A38: 'BGRT', 'A M I', Rev: 1, Len: 56 -> BGRT.aml
62:190  0:021    21. 6A766A70: 'TPM2', 'A M I', Rev: 3, Len: 52 -> TPM2.aml
62:214  0:023    22. 6A766AA8: 'SSDT', 'A M I', Rev: 1, Len: 8303 -> SSDT-9-A M I.aml
62:238  0:024    23. 6A768B18: 'ASF!', 'A M I', Rev: 32, Len: 160 -> ASF!.aml
62:262  0:023    24. 6A768BB8: 'WSMT', 'A M I', Rev: 1, Len: 40 -> WSMT.aml
62:284  0:022    Tables in Rsdt: 25
62:284  0:000    0. 6A73E1A8: 'FACP', 'A M I', Rev: 2, Len: 132 -> RSDT-FACP.aml
62:306  0:022        (Dsdt: 6A73E230, Facs: 6AD2CD40)
62:306  0:000        6A73E230: 'DSDT', 'A M I', Rev: 2, Len: 121320
62:307  0:001        6AD2CD40: 'FACS', Ver: 0, Len: 64 -> RSDT-FACS.aml
62:341  0:033    1. 6A75BD30: 'APIC', 'A M I', Rev: 3, Len: 188
62:341  0:000    2. 6A75BDF0: 'FPDT', 'A M I', Rev: 1, Len: 68
62:341  0:000    3. 6A75BE38: 'FIDT', 'A M I', Rev: 1, Len: 156
62:341  0:000    4. 6A75BED8: 'MCFG', 'A M I', Rev: 1, Len: 60
62:341  0:000    5. 6A75BF18: 'SSDT', 'A M I', Rev: 1, Len: 931
62:341  0:000    6. 6A75C2C0: 'MSDM', 'A M I', Rev: 3, Len: 85
62:341  0:000    7. 6A75C318: 'SSDT', 'A M I', Rev: 2, Len: 12909
62:341  0:000    8. 6A75F588: 'SSDT', 'A M I', Rev: 2, Len: 10857
62:341  0:000    9. 6A761FF8: 'HPET', 'A M I', Rev: 1, Len: 56
62:341  0:000    10. 6A762030: 'UEFI', 'A M I', Rev: 1, Len: 66
62:341  0:000    11. 6A762078: 'SSDT', 'A M I', Rev: 2, Len: 3806
62:341  0:000    12. 6A762F58: 'LPIT', 'A M I', Rev: 1, Len: 148
62:341  0:000    13. 6A762FF0: 'SSDT', 'A M I', Rev: 2, Len: 321
62:341  0:000    14. 6A763138: 'SSDT', 'A M I', Rev: 2, Len: 671
62:341  0:000    15. 6A7633D8: 'SSDT', 'A M I', Rev: 2, Len: 12290
62:341  0:000    16. 6A7663E0: 'SSDT', 'A M I', Rev: 2, Len: 1303
62:341  0:000    17. 6A7668F8: 'DBGP', 'A M I', Rev: 1, Len: 52
62:341  0:000    18. 6A766930: 'DBG2', 'A M I', Rev: 0, Len: 84
62:341  0:000    19. 6A766988: 'SSDT', 'A M I', Rev: 2, Len: 174
62:341  0:000    20. 6A766A38: 'BGRT', 'A M I', Rev: 1, Len: 56
62:341  0:000    21. 6A766A70: 'TPM2', 'A M I', Rev: 3, Len: 52
62:341  0:000    22. 6A766AA8: 'SSDT', 'A M I', Rev: 1, Len: 8303
62:341  0:000    23. 6A768B18: 'ASF!', 'A M I', Rev: 32, Len: 160
62:341  0:000    24. 6A768BB8: 'WSMT', 'A M I', Rev: 1, Len: 40
62:341  0:000  Found UEFI Acpi 1.0 RSDP at 6A73E000
62:341  0:000  Printing ACPI tables from RSDP 6A73E000 ...
62:341  0:000   6A73E000: 'RSD PTR ', Rev: 2 (Acpi 2.0 or newer), Len: 36
62:341  0:000    (Xsdt: 6A73E0B8, Rsdt: 6A73E028)
62:341  0:000    6A73E0B8: 'XSDT', 'A M I', Rev: 1, Len: 236
62:341  0:000    6A73E028: 'RSDT', 'A M I', Rev: 1, Len: 136
62:341  0:000    Tables in Xsdt: 25
62:341  0:000    0. 6A75BC18: 'FACP', 'A M I', Rev: 6, Len: 276
62:341  0:000        (Dsdt: 6A73E230, Facs: 6AD2CD80, XDsdt: 6A73E230, XFacs: 0)
62:341  0:000        6A73E230: 'DSDT', 'A M I', Rev: 2, Len: 121320
62:342  0:001        6AD2CD80: 'FACS', Ver: 2, Len: 64
62:342  0:000    1. 6A75BD30: 'APIC', 'A M I', Rev: 3, Len: 188
62:342  0:000    2. 6A75BDF0: 'FPDT', 'A M I', Rev: 1, Len: 68
62:342  0:000    3. 6A75BE38: 'FIDT', 'A M I', Rev: 1, Len: 156
62:342  0:000    4. 6A75BED8: 'MCFG', 'A M I', Rev: 1, Len: 60
62:342  0:000    5. 6A75BF18: 'SSDT', 'A M I', Rev: 1, Len: 931
62:342  0:000    6. 6A75C2C0: 'MSDM', 'A M I', Rev: 3, Len: 85
62:342  0:000    7. 6A75C318: 'SSDT', 'A M I', Rev: 2, Len: 12909
62:342  0:000    8. 6A75F588: 'SSDT', 'A M I', Rev: 2, Len: 10857
62:342  0:000    9. 6A761FF8: 'HPET', 'A M I', Rev: 1, Len: 56
62:342  0:000    10. 6A762030: 'UEFI', 'A M I', Rev: 1, Len: 66
62:342  0:000    11. 6A762078: 'SSDT', 'A M I', Rev: 2, Len: 3806
62:342  0:000    12. 6A762F58: 'LPIT', 'A M I', Rev: 1, Len: 148
62:342  0:000    13. 6A762FF0: 'SSDT', 'A M I', Rev: 2, Len: 321
62:342  0:000    14. 6A763138: 'SSDT', 'A M I', Rev: 2, Len: 671
62:342  0:000    15. 6A7633D8: 'SSDT', 'A M I', Rev: 2, Len: 12290
62:342  0:000    16. 6A7663E0: 'SSDT', 'A M I', Rev: 2, Len: 1303
62:342  0:000    17. 6A7668F8: 'DBGP', 'A M I', Rev: 1, Len: 52
62:342  0:000    18. 6A766930: 'DBG2', 'A M I', Rev: 0, Len: 84
62:342  0:000    19. 6A766988: 'SSDT', 'A M I', Rev: 2, Len: 174
62:342  0:000    20. 6A766A38: 'BGRT', 'A M I', Rev: 1, Len: 56
62:342  0:000    21. 6A766A70: 'TPM2', 'A M I', Rev: 3, Len: 52
62:342  0:000    22. 6A766AA8: 'SSDT', 'A M I', Rev: 1, Len: 8303
62:342  0:000    23. 6A768B18: 'ASF!', 'A M I', Rev: 32, Len: 160
62:342  0:000    24. 6A768BB8: 'WSMT', 'A M I', Rev: 1, Len: 40
62:342  0:000    Tables in Rsdt: 25
62:342  0:000    0. 6A73E1A8: 'FACP', 'A M I', Rev: 2, Len: 132
62:342  0:000        (Dsdt: 6A73E230, Facs: 6AD2CD40)
62:342  0:000        6A73E230: 'DSDT', 'A M I', Rev: 2, Len: 121320
62:343  0:001        6AD2CD40: 'FACS', Ver: 0, Len: 64
62:343  0:000    1. 6A75BD30: 'APIC', 'A M I', Rev: 3, Len: 188
62:343  0:000    2. 6A75BDF0: 'FPDT', 'A M I', Rev: 1, Len: 68
62:343  0:000    3. 6A75BE38: 'FIDT', 'A M I', Rev: 1, Len: 156
62:343  0:000    4. 6A75BED8: 'MCFG', 'A M I', Rev: 1, Len: 60
62:343  0:000    5. 6A75BF18: 'SSDT', 'A M I', Rev: 1, Len: 931
62:343  0:000    6. 6A75C2C0: 'MSDM', 'A M I', Rev: 3, Len: 85
62:343  0:000    7. 6A75C318: 'SSDT', 'A M I', Rev: 2, Len: 12909
62:343  0:000    8. 6A75F588: 'SSDT', 'A M I', Rev: 2, Len: 10857
62:343  0:000    9. 6A761FF8: 'HPET', 'A M I', Rev: 1, Len: 56
62:343  0:000    10. 6A762030: 'UEFI', 'A M I', Rev: 1, Len: 66
62:343  0:000    11. 6A762078: 'SSDT', 'A M I', Rev: 2, Len: 3806
62:343  0:000    12. 6A762F58: 'LPIT', 'A M I', Rev: 1, Len: 148
62:343  0:000    13. 6A762FF0: 'SSDT', 'A M I', Rev: 2, Len: 321
62:343  0:000    14. 6A763138: 'SSDT', 'A M I', Rev: 2, Len: 671
62:343  0:000    15. 6A7633D8: 'SSDT', 'A M I', Rev: 2, Len: 12290
62:343  0:000    16. 6A7663E0: 'SSDT', 'A M I', Rev: 2, Len: 1303
62:343  0:000    17. 6A7668F8: 'DBGP', 'A M I', Rev: 1, Len: 52
62:344  0:000    18. 6A766930: 'DBG2', 'A M I', Rev: 0, Len: 84
62:344  0:000    19. 6A766988: 'SSDT', 'A M I', Rev: 2, Len: 174
62:344  0:000    20. 6A766A38: 'BGRT', 'A M I', Rev: 1, Len: 56
62:344  0:000    21. 6A766A70: 'TPM2', 'A M I', Rev: 3, Len: 52
62:344  0:000    22. 6A766AA8: 'SSDT', 'A M I', Rev: 1, Len: 8303
62:344  0:000    23. 6A768B18: 'ASF!', 'A M I', Rev: 32, Len: 160
62:344  0:000    24. 6A768BB8: 'WSMT', 'A M I', Rev: 1, Len: 40
62:384  0:040  === [ FixBiosDsdt ] =======================================
62:384  0:000  VideoCard devID=0x19128086
62:384  0:000  DisplayADR1[0] = 0x20000, DisplayADR2[0] = 0xFFFE
62:384  0:000  USBADR[0] = 0x140000 and PCIe = 0xFFFE
62:398  0:014  Patching DSDT:
62:398  0:000   - [change _OSI to XOSI]: disabled
62:398  0:000   - [change HECI to IMEI]: pattern 48454349, patched at: [ (10EF8) ]
62:398  0:000   - [change HDAS to HDEF]: disabled
62:398  0:000  first CPU found at 95CD offset 95D0
62:398  0:000  score candidate at 95C9
62:398  0:000  score inserted in acpi_cpu_score _PR_
62:398  0:000  Found ACPI CPU: CPU0 | CPU1 | CPU2 | CPU3 | CPU4 | CPU5 | CPU6 | CPU7 , within the score: _PR_
62:399  0:000  Found PCIROOTUID = 0
62:399  0:000  Start RTC Fix
62:399  0:000  found RTC Length not match, Maybe will cause CMOS reset will patch it.
62:399  0:000  found RTC had IRQNoFlag will move -3 bytes
62:399  0:000  ...len=1DA25
62:399  0:000  new size written to 176A4 shift=0 len=1DA25
62:399  0:000  len after correct outers 1DA25
62:399  0:000  Start HPET Fix
62:440  0:041  DSDT saved to EFI\CLOVER\ACPI\origin\DSDT-20011.aml
74:023  11:582  Boot option Boot0000 not found
74:023  0:000  === [ StartLoader ] =======================================
74:023  0:000  Finally: ExternalClock=25MHz BusSpeed=100249kHz CPUFreq=3408MHz PIS: hw.busfrequency=100000000Hz
74:023  0:000  Loading boot.efi  status=Success
74:067  0:043  GetOSVersion: 10.12.6 (16G29)
74:067  0:000  CSR_CFG: CSR_ALLOW_UNTRUSTED_KEXTS | CSR_ALLOW_UNRESTRICTED_FS | CSR_ALLOW_TASK_FOR_PID | CSR_ALLOW_UNRESTRICTED_DTRACE | CSR_ALLOW_UNRESTRICTED_NVRAM
74:067  0:000  Filtering KextPatches:
74:067  0:000   - [00]: AppleIntelSKLGraphicsFramebuffer (10.11.4+-SKL-1912000-4_displays) :: BinPatch :: [OS: 10.12.6 | MatchOS: All | MatchBuild: All] ==> disabled by user
74:067  0:000   - [01]: AppleUSBXHCIPCI (Increase 15 port limit to 18 in AppleUSBXHCIPCI) :: BinPatch :: [OS: 10.12.6 | MatchOS: 10.11 | MatchBuild: All] ==> not allowed
74:067  0:000   - [02]: IOGraphicsFamily (Boot graphics glitch, 10.12) :: BinPatch :: [OS: 10.12.6 | MatchOS: 10.12 | MatchBuild: All] ==> disabled by user
74:067  0:000   - [03]: AppleIntelSKLGraphicsFramebuffer (10.11.4-SKL-1912000-Port_0x5-DP2HDM) :: BinPatch :: [OS: 10.12.6 | MatchOS: All | MatchBuild: All] ==> disabled by user
74:067  0:000   - [04]: AppleUSBXHCIPCI (Sierra Increase 15 port limit to 18 in AppleUSBXHCIPCI) :: BinPatch :: [OS: 10.12.6 | MatchOS: 10.12 | MatchBuild: All] ==> allowed
74:067  0:000  Will not patch boot.efi
74:067  0:000  === [ PatchSmbios ] =======================================
74:067  0:000  insert table 9 for dev 0:1
74:067  0:000  insert table 9 for dev 0:0
74:067  0:000  Channels: 1
74:067  0:000  Interleave: 0 1 2 3 4 5 6 7 8 9 10 11 12 13 14 15 16 17 18 19 20 21 22 23
74:067  0:000  SMBIOS Type 17 Index = 0 => 0 0:
74:067  0:000  BANK 0 DIMM0 2400MHz 8192MB
74:067  0:000  SMBIOS Type 17 Index = 1 => 1 1:
74:067  0:000  BANK 0 DIMM1 EMPTY
74:067  0:000  mTotalSystemMemory = 8192
74:067  0:000  NumberOfMemoryDevices = 2
74:067  0:000  Type20[0]->End = 0x7FFFFF, Type17[0] = 0x2000
74:067  0:000  Table 131 is present, CPUType=35
74:067  0:000  Change to: 705
74:067  0:000  === [ PatchACPI ] =========================================
74:067  0:000  Xsdt reallocation done
74:067  0:000  old FADT length=114
74:067  0:000   SignatureFixup: 0xB23E8421 -> 0x0
74:069  0:001  Apply DsdtFixMask=0x00020011
74:069  0:000     drop _DSM mask=0x0000
74:069  0:000  === [ FixBiosDsdt ] =======================================
74:069  0:000  VideoCard devID=0x19128086
74:069  0:000  DisplayADR1[0] = 0x20000, DisplayADR2[0] = 0xFFFE
74:069  0:000  USBADR[0] = 0x140000 and PCIe = 0xFFFE
74:083  0:014  Patching DSDT:
74:083  0:000   - [change _OSI to XOSI]: disabled
74:083  0:000   - [change HECI to IMEI]: pattern 48454349, patched at: [ (10EF8) ]
74:083  0:000   - [change HDAS to HDEF]: disabled
74:083  0:000  first CPU found at 95CD offset 95D0
74:083  0:000  score candidate at 95C9
74:083  0:000  score inserted in acpi_cpu_score _PR_
74:083  0:000  Found ACPI CPU: CPU0 | CPU1 | CPU2 | CPU3 | CPU4 | CPU5 | CPU6 | CPU7 , within the score: _PR_
74:084  0:000  Found PCIROOTUID = 0
74:084  0:000  Start RTC Fix
74:084  0:000  found RTC Length not match, Maybe will cause CMOS reset will patch it.
74:084  0:000  found RTC had IRQNoFlag will move -3 bytes
74:084  0:000  ...len=1DA25
74:084  0:000  new size written to 176A4 shift=0 len=1DA25
74:084  0:000  len after correct outers 1DA25
74:084  0:000  Start HPET Fix
74:084  0:000  PreCleanup XSDT: count=25, length=236
74:084  0:000  PreCleanup XSDT, corrected XSDT: count=25, length=236
74:084  0:000  === [ ACPIDropTables ] ====================================
74:084  0:000  === [ PatchAllSSDT ] ======================================
74:084  0:000  Patch table: SSDT  A M I len=0x3A3
74:084  0:000  0. [change _OSI to XOSI]: disabled
74:084  0:000  1. [change HECI to IMEI]: pattern 48454349, bin not found / already patched!
74:084  0:000  2. [change HDAS to HDEF]: disabled
74:084  0:000  Patch table: SSDT  A M I len=0x326D
74:084  0:000  0. [change _OSI to XOSI]: disabled
74:084  0:000  1. [change HECI to IMEI]: pattern 48454349, bin not found / already patched!
74:085  0:000  2. [change HDAS to HDEF]: disabled
74:085  0:000  Patch table: SSDT  A M I len=0x2A69
74:085  0:000  0. [change _OSI to XOSI]: disabled
74:085  0:000  1. [change HECI to IMEI]: pattern 48454349, bin not found / already patched!
74:085  0:000  2. [change HDAS to HDEF]: disabled
74:085  0:000  Patch table: SSDT  A M I len=0xEDE
74:085  0:000  0. [change _OSI to XOSI]: disabled
74:085  0:000  1. [change HECI to IMEI]: pattern 48454349, bin not found / already patched!
74:085  0:000  2. [change HDAS to HDEF]: disabled
74:085  0:000  Patch table: SSDT  A M I len=0x141
74:085  0:000  0. [change _OSI to XOSI]: disabled
74:085  0:000  1. [change HECI to IMEI]: pattern 48454349, bin not found / already patched!
74:085  0:000  2. [change HDAS to HDEF]: disabled
74:085  0:000  Patch table: SSDT  A M I len=0x29F
74:085  0:000  0. [change _OSI to XOSI]: disabled
74:085  0:000  1. [change HECI to IMEI]: pattern 48454349, bin not found / already patched!
74:085  0:000  2. [change HDAS to HDEF]: disabled
74:085  0:000  Patch table: SSDT  A M I len=0x3002
74:085  0:000  0. [change _OSI to XOSI]: disabled
74:085  0:000  1. [change HECI to IMEI]: pattern 48454349, bin not found / already patched!
74:085  0:000  2. [change HDAS to HDEF]: disabled
74:085  0:000  Patch table: SSDT  A M I len=0x517
74:085  0:000  0. [change _OSI to XOSI]: disabled
74:085  0:000  1. [change HECI to IMEI]: pattern 48454349, bin not found / already patched!
74:085  0:000  2. [change HDAS to HDEF]: disabled
74:085  0:000  Patch table: SSDT  A M I len=0xAE
74:085  0:000  0. [change _OSI to XOSI]: disabled
74:085  0:000  1. [change HECI to IMEI]: pattern 48454349, bin not found / already patched!
74:085  0:000  2. [change HDAS to HDEF]: disabled
74:085  0:000  Patch table: SSDT  A M I len=0x206F
74:085  0:000  0. [change _OSI to XOSI]: disabled
74:085  0:000  1. [change HECI to IMEI]: pattern 48454349, bin not found / already patched!
74:085  0:000  2. [change HDAS to HDEF]: disabled
74:085  0:000  CPUBase=0 and ApicCPUBase=1 ApicCPUNum=1
74:085  0:000  Maximum control=0x22
74:085  0:000  Turbo control=0x28
74:085  0:000  P-States: min 0x8, max 0x28
74:085  0:000  SSDT with plugin-type without P-States is generated
74:085  0:000  Cleanup XSDT: count=26, length=244
74:085  0:000  corrected XSDT count=26, length=244
74:085  0:000  === [ RestSetup macOS ] ===================================
74:085  0:000  EdidDiscovered size=128
74:085  0:000  --- Discovered EDID Table size:128
74:085  0:000  000  |  00  FF  FF  FF  FF  FF  FF  00  09  E5
74:085  0:000  010  |  79  06  00  00  00  00  01  19  01  04
74:085  0:000  020  |  A5  22  13  78  02  24  10  97  59  54
74:085  0:000  030  |  8E  27  1E  50  54  00  00  00  01  01
74:085  0:000  040  |  01  01  01  01  01  01  01  01  01  01
74:085  0:000  050  |  01  01  01  01  3C  37  80  DE  70  38
74:085  0:000  060  |  14  40  30  20  36  00  58  C2  10  00
74:085  0:000  070  |  00  1A  D2  24  80  DE  70  38  14  40
74:085  0:000  080  |  30  20  36  00  58  C2  10  00  00  1A
74:085  0:000  090  |  00  00  00  00  00  00  00  00  00  00
74:085  0:000  100  |  00  00  00  00  00  00  00  00  00  00
74:085  0:000  110  |  00  02  00  09  3E  FF  0A  3C  6E  13
74:085  0:000  120  |  14  22  6E  00  00  00  00  C3
74:085  0:000  Intel HD Graphics 530 [8086:1912] :: PciRoot(0x0)\Pci(0x2,0x0)
74:085  0:000    Found Full HD Display - 16:9 :: Width=1920 Height=1080
74:085  0:000    Beginning DualLink auto-detection
74:085  0:000    High Resolution Display
74:085  0:000    AAPL00,DualLink = 1
74:085  0:000    FakeID Intel GFX: not set
74:085  0:000    ig-platform-id = 0x191B0000
74:085  0:000    Beginning Intel GFX auto-detection with ACPI injection
74:085  0:000    Found FakeID Intel GFX = 0x19128086
74:085  0:000  Intel GFX revision  = 0x6
74:085  0:000   RCBA disabled; cannot use it
74:099  0:014   codec not detected
74:099  0:000  stringlength = 1690
74:099  0:000  CurrentMode: Width=1920 Height=1080
74:099  0:000  Beginning FSInjection
FSInjectionInstall ...
- Our FSI_SIMPLE_FILE_SYSTEM_PROTOCOL installed on handle: 66B0A298
FSInjectionInstall ...
- Our FSI_SIMPLE_FILE_SYSTEM_PROTOCOL installed on handle: 66B0A298
74:109  0:009  Use origin smbios table type 1 guid.
74:134  0:024  Preparing kexts injection for arch=x86_64 from EFI\CLOVER\kexts\Other
74:134  0:000  Extra kext: EFI\CLOVER\kexts\Other\FakePCIID_Intel_HD_Graphics.kext (v.1.3.11)
74:143  0:008  Extra kext: EFI\CLOVER\kexts\Other\VoodooPS2Controller.kext (v.1.8.24)
74:153  0:010    |-- PlugIn kext: EFI\CLOVER\kexts\Other\VoodooPS2Controller.kext\Contents\PlugIns\VoodooPS2Trackpad.kext (v.1.8.24)
74:167  0:014    |-- PlugIn kext: EFI\CLOVER\kexts\Other\VoodooPS2Controller.kext\Contents\PlugIns\VoodooPS2Mouse.kext (v.1.8.24)
74:187  0:019    |-- PlugIn kext: EFI\CLOVER\kexts\Other\VoodooPS2Controller.kext\Contents\PlugIns\VoodooPS2Keyboard.kext (v.1.8.24)
74:203  0:016  Extra kext: EFI\CLOVER\kexts\Other\VoodooHDA.kext (v.2.8.9)
74:213  0:010  Extra kext: EFI\CLOVER\kexts\Other\USBInjectAll.kext (v.0.5.2)
74:312  0:098  Extra kext: EFI\CLOVER\kexts\Other\RealtekRTL8111.kext (v.2.2.1)
74:323  0:010  Extra kext: EFI\CLOVER\kexts\Other\NullCPUPowerManagement.kext (v.1.0.0d2)
74:331  0:008  Extra kext: EFI\CLOVER\kexts\Other\IntelGraphicsFixup.kext (v.1.2.6)
74:343  0:011  Extra kext: EFI\CLOVER\kexts\Other\FakeSMC.kext (v.1758)
74:357  0:014  Extra kext: EFI\CLOVER\kexts\Other\FakePCIID.kext (v.1.3.8)
74:365  0:007  Extra kext: EFI\CLOVER\kexts\Other\CodecCommander.kext (v.2.6.1)
74:385  0:019  Extra kext: EFI\CLOVER\kexts\Other\ApplePS2SmartTouchPad.kext (v.4.6.8)
74:433  0:048    |-- PlugIn kext: EFI\CLOVER\kexts\Other\ApplePS2SmartTouchPad.kext\Contents\PlugIns\ApplePS2Keyboard.kext (v.4.6.8)
74:448  0:014    |-- PlugIn kext: EFI\CLOVER\kexts\Other\ApplePS2SmartTouchPad.kext\Contents\PlugIns\ApplePS2Controller.kext (v.4.6.8)
74:458  0:010  Extra kext: EFI\CLOVER\kexts\Other\AppleALC.kext (v.1.1.2)
74:469  0:011    |-- PlugIn kext: EFI\CLOVER\kexts\Other\AppleALC.kext\Contents\PlugIns\PinConfigs.kext (v.1.0.0)
74:476  0:006  Extra kext: EFI\CLOVER\kexts\Other\ACPIBatteryManager.kext (v.1.70.1)
74:491  0:015  SetStartupDiskVolume:
74:491  0:000    * Volume: 'sierra_'
74:491  0:000    * LoaderPath: '<null string>'
74:491  0:000    * DevPath: sierra_
74:491  0:000    * GUID = AF7BFEAB-2825-4F6A-9E25-0F14241637E2
74:492  0:000    * efi-boot-device: <array><dict><key>IOMatch</key><dict><key>IOProviderClass</key><string>IOMedia</string><key>IOPropertyMatch</key><dict><key>UUID</key><string>AF7BFEAB-2825-4F6A-9E25-0F14241637E2</string></dict></dict></dict></array>
74:492  0:000  Custom boot screen not used because entry has unset use graphics
74:494  0:001  Closing log
