0:100  0:100  MemLog inited, TSC freq: 2294785463
0:100  0:000  CPU was calibrated with ACPI PM Timer
0:100  0:000  
0:100  0:000  Now is 1.3.2018,  10:38:52 (GMT)
0:100  0:000  Starting Clover revision: 4411 on HPQ EFI
0:100  0:000  Build with: [Args: -D NO_GRUB_DRIVERS_EMBEDDED -t XCODE8 | -D NO_GRUB_DRIVERS_EMBEDDED -D USE_LOW_EBDA -a X64 -b RELEASE -t XCODE8 -n 5 | OS: 10.12.6 | XCODE: 9.2]
0:100  0:000  SelfDevicePath=PciRoot(0x0)\Pci(0x1F,0x2)\Sata(0x0,0x0,0x0)\HD(1,GPT,4893B40D-92DC-4090-B618-E89D6970C6ED,0x28,0x64000) @A992C018
0:100  0:000  SelfDirPath = \EFI\Boot
0:102  0:002  === [ Get Smbios ] ========================================
0:102  0:000  Type 16 Index = 0
0:102  0:000  Total Memory Slots Count = 2
0:102  0:000  Type 17 Index = 0
0:102  0:000  SmbiosTable.Type17->Speed = 1333MHz
0:102  0:000  SmbiosTable.Type17->Size = 4096MB
0:102  0:000  SmbiosTable.Type17->Bank/Device = BANK 0 Bottom-Slot 1(top)
0:102  0:000  SmbiosTable.Type17->Vendor = Kingston
0:102  0:000  SmbiosTable.Type17->SerialNumber = 362BD671
0:102  0:000  SmbiosTable.Type17->PartNumber = KHX1866C11S3/4G   
0:102  0:000  Type 17 Index = 1
0:102  0:000  SmbiosTable.Type17->Speed = 1333MHz
0:102  0:000  SmbiosTable.Type17->Size = 4096MB
0:102  0:000  SmbiosTable.Type17->Bank/Device = BANK 2 Bottom-Slot 2(under)
0:102  0:000  SmbiosTable.Type17->Vendor = Kingston
0:102  0:000  SmbiosTable.Type17->SerialNumber = 372BBB71
0:102  0:000  SmbiosTable.Type17->PartNumber = KHX1866C11S3/4G   
0:102  0:000  Boot status=0
0:102  0:000  Running on: 'HP ProBook 4530s' with board '167C'
0:102  0:000  === [ GetCPUProperties ] ==================================
0:102  0:000  CPU Vendor = 756E6547 Model=206A7
0:102  0:000   The CPU supported SSE4.1
0:102  0:000  BrandString = Intel(R) Core(TM) i5-2410M CPU @ 2.30GHz
0:102  0:000   The CPU supported turbo
0:102  0:000  MSR 0x35               20004
0:102  0:000  MSR 0xE2 before patch 1E008404
0:102  0:000  MSR 0xE2 is locked, PM patches will be turned on
0:102  0:000  MSR 0xCE              00000800_60011700
0:102  0:000  corrected FLEX_RATIO = 0
0:102  0:000  MSR 0x1B0             00000000
0:102  0:000  FSBFrequency = 100 MHz, DMI FSBFrequency = 100 MHz, Corrected FSBFrequency = 100 MHz
0:102  0:000  MaxDiv/MinDiv: 23.0/8
0:102  0:000  Turbo: 27/27/27/29
0:102  0:000  Features: 0xBFEBFBFF
0:102  0:000  Threads: 4
0:102  0:000  Cores: 2
0:102  0:000  FSB: 100 MHz
0:102  0:000  CPU: 2300 MHz
0:102  0:000  TSC: 2300 MHz
0:102  0:000  PIS: 100 MHz
0:102  0:000  ExternalClock: 25 MHz
0:102  0:000  === [ GetDevices ] ========================================
0:102  0:000  PCI (00|00:00.00) : 8086 0104 class=060000
0:102  0:000  PCI (00|00:01.00) : 8086 0101 class=060400
0:102  0:000  PCI (00|01:00.00) : 1002 6760 class=030000
0:102  0:000   - GFX: Model=AMD Radeon HD 6470M Series (ATI/AMD)
0:102  0:000  PCI (00|00:02.00) : 8086 0116 class=030000
0:102  0:000   - GFX: Model=Intel HD Graphics 3000 (Intel)
0:102  0:000  PCI (00|00:16.00) : 8086 1C3A class=078000
0:102  0:000  PCI (00|00:16.01) : FFFF FFFF class=FFFFFF
0:102  0:000  PCI (00|00:1A.00) : 8086 1C2D class=0C0320
0:102  0:000  PCI (00|00:1B.00) : 8086 1C20 class=040300
0:102  0:000  PCI (00|00:1C.00) : 8086 1C10 class=060400
0:102  0:000  PCI (00|00:1C.01) : 8086 1C12 class=060400
0:102  0:000  PCI (00|00:1C.02) : 8086 1C14 class=060400
0:102  0:000  PCI (00|24:00.00) : 197B 2392 class=088000
0:102  0:000  PCI (00|24:00.02) : 197B 2391 class=080501
0:102  0:000  PCI (00|24:00.03) : 197B 2393 class=088000
0:102  0:000  PCI (00|24:00.04) : FFFF FFFF class=FFFFFF
0:102  0:000  PCI (00|00:1C.03) : 8086 1C16 class=060400
0:102  0:000  PCI (00|25:00.00) : 168C 002B class=028000
0:102  0:000   - WIFI: Vendor=Atheros
0:102  0:000  PCI (00|00:1C.05) : 8086 1C1A class=060400
0:102  0:000  PCI (00|26:00.00) : 10EC 8168 class=020000
0:102  0:000   - LAN: 0 Vendor=Realtek
0:102  0:000  PCI (00|00:1D.00) : 8086 1C26 class=0C0320
0:102  0:000  PCI (00|00:1F.00) : 8086 1C49 class=060100
0:102  0:000  PCI (00|00:1F.02) : 8086 1C03 class=010601
0:102  0:000  PCI (00|00:1F.06) : FFFF FFFF class=FFFFFF
0:102  0:000  === [ GetDefaultSettings ] ================================
0:102  0:000  Clover load options size = 0 bytes
0:116  0:013  EFI\CLOVER\config.plist loaded: Success
0:116  0:000  === [ GetListOfThemes ] ===================================
0:118  0:002  - [00]: Yosemite
0:122  0:003  - [01]: Yosemite S
0:127  0:005  - [02]: embedded
0:131  0:004  - [02]: random
0:132  0:001  === [ Found config plists ] ===============================
0:132  0:000  - config.plist
0:133  0:000  === [ GetEarlyUserSettings ] ==============================
0:133  0:000  timeout set to 5
0:133  0:000  Custom boot CUSTOM_BOOT_DISABLED (0x0)
0:133  0:000  KextsToPatch: 25 requested
0:133  0:000   - [00]: com.apple.driver.usb.AppleUSBXHCIPCI (change 15 port limit to 26 in XHCI kext (100-series)) :: MatchOS: 10.11.x :: BinPatch :: data len: 7
0:133  0:000   - patch disabled at config
0:133  0:000   - [01]: com.apple.driver.usb.AppleUSBXHCIPCI (change 15 port limit to 26 in XHCI kext (100-series)) :: MatchOS: 10.12.x :: BinPatch :: data len: 7
0:133  0:000   - patch disabled at config
0:133  0:000   - [02]: com.apple.driver.AppleHDA (AppleHDA .xml.zl to .zml.zl) :: MatchOS: 10.10.x,10.11.x,10.12.x :: BinPatch :: data len: 7
0:133  0:000   - [03]: com.apple.iokit.IOAHCIBlockStorage (Enable TRIM for non-Apple SSDs) :: BinPatch :: data len: 11
0:133  0:000   - [04]: com.apple.iokit.IOGraphicsFamily (Boot graphics glitch, 10.10.x/10.11.x (credit lisai9093, cecekpawon)) :: MatchOS: 10.10.x,10.11.x :: BinPatch :: data len: 5
0:133  0:000   - [05]: com.apple.iokit.IOGraphicsFamily (Boot graphics glitch, 10.12.dp1 (credit denskop)) :: MatchOS: 10.12.x :: BinPatch :: data len: 5
0:133  0:000   - [06]: com.apple.driver.AirPort.Brcm4360 (AirPortBrcm4360 whitelist patch (board-id), 10.12.dp1, credit RehabMan) :: MatchOS: 10.12.x :: BinPatch :: data len: 8
0:133  0:000   - [07]: com.apple.driver.AirPort.Brcm4360 (AirPortBrcm4360 whitelist patch (board-id), 10.11.x, credit RehabMan) :: MatchOS: 10.11.x :: BinPatch :: data len: 8
0:133  0:000   - [08]: com.apple.driver.AirPort.Brcm4360 (AirPortBrcm4360 whitelist patch (board-id), 10.10.5, credit RehabMan) :: MatchOS: 10.10.5 :: BinPatch :: data len: 12
0:133  0:000   - [09]: com.apple.driver.AirPort.Brcm4360 (10.9.5 5Ghz US FCC, svko) :: MatchOS: 10.9.5 :: BinPatch :: data len: 9
0:133  0:000   - [10]: com.apple.driver.AirPort.Brcm4360 (10.10.2+ 5Ghz US FCC, the-darkvoid) :: MatchOS: 10.10.x,10.11.x :: BinPatch :: data len: 7
0:133  0:000   - [11]: com.apple.driver.AirPort.Brcm4360 (AirPortBrcm4360 - fcvo, 10.12.x (credit the-darkvoid)) :: MatchOS: 10.12.x :: BinPatch :: data len: 8
0:133  0:000   - [12]: com.apple.iokit.IOBluetoothFamily (10.10.2+ BT4LE-Handoff-Hotspot, Dokterdok) :: MatchOS: 10.10.x :: BinPatch :: data len: 8
0:133  0:000   - [13]: com.apple.iokit.IOBluetoothFamily (10.11.dp1+ BT4LE-Handoff-Hotspot, credit RehabMan based on Dokterdok original) :: MatchOS: 10.11.x,10.12.x :: BinPatch :: data len: 8
0:133  0:000   - [14]: com.apple.driver.AppleBacklight (change F%uT%04x to F%uTxxxx in AppleBacklightInjector.kext (credit RehabMan)) :: BinPatch :: data len: 9
0:133  0:000   - [15]: com.apple.driver.AppleIntelSNBGraphicsFB (HDMI-audio HD3000, 0x00010000, port 0406) :: BinPatch :: data len: 12
0:133  0:000   - [16]: com.apple.driver.AppleHDA (IDT 76D1 #1 of 2) :: BinPatch :: data len: 5
0:133  0:000   - [17]: com.apple.driver.AppleHDA (IDT 76D1 #2 of 2) :: BinPatch :: data len: 5
0:133  0:000   - [18]: com.apple.driver.AppleUSBXHCI (USB 3.0 Disable Intel USB3 controller check 10.9) :: MatchOS: 10.9.x :: BinPatch :: data len: 9
0:133  0:000   - [19]: com.apple.driver.AppleUSBXHCI (USB 3.0 Disable Intel USB3 controller check 10.10) :: MatchOS: 10.10.x :: BinPatch :: data len: 9
0:133  0:000   - [20]: com.apple.driver.AppleUSBXHCI (USB 3.0 Disable XHCI 1.0 check 10.9) :: MatchOS: 10.9.x :: BinPatch :: data len: 4
0:133  0:000   - [21]: com.apple.driver.AppleUSBXHCI (USB 3.0 Disable XHCI 1.0 check 10.10) :: MatchOS: 10.10.x :: BinPatch :: data len: 11
0:133  0:000   - [22]: com.apple.driver.AppleUSBXHCI (USB 3.0 Patch MSI or pin interrupts #1) :: MatchOS: 10.9.x,10.10.x :: BinPatch :: data len: 7
0:133  0:000   - [23]: com.apple.driver.AppleUSBXHCI (USB 3.0 Patch MSI or pin interrupts #2) :: MatchOS: 10.9.x,10.10.x :: BinPatch :: data len: 8
0:133  0:000   - [24]: com.apple.driver.AppleUSBXHCI (USB 3.0 Enable PCI power management) :: MatchOS: 10.9.x,10.10.x :: BinPatch :: data len: 9
0:133  0:000  Default theme: Yosemite
0:133  0:000  ** Warning: unknown custom entry Type 'Other'
0:133  0:000  === [ LoadDrivers ] =======================================
0:133  0:000  Loading AppleImageCodec-64.efi  status=Success
0:135  0:001  Loading HFSPlus.efi  status=Success
0:136  0:001   - driver needs connecting
0:136  0:000  Loading HPFanReset.efi  status=Success
0:228  0:092  HPFanReset: successfully set fan control to BIOS mode.
0:228  0:000  Loading AppleKeyAggregator-64.efi  status=Success
0:228  0:000  Loading AppleUITheme-64.efi  status=Success
0:228  0:000  Loading DataHubDxe-64.efi  status=Success
0:229  0:000  Loading EmuVariableUefi-64.efi  status=Success
0:231  0:001  EmuVariableUefi Initialize: VariableCommonInitialize = Success, orig services stored, install gEmuVariableControlProtocolGuid = Success
0:231  0:000  Loading FirmwareVolume-64.efi  status=Success
0:231  0:000  Loading FSInject-64.efi  status=Success
0:231  0:000  Loading OsxAptioFixDrv-64.efi  status=Success
0:231  0:000  Loading SMCHelper-64.efi  status=Success
0:232  0:001  Loading apfs.efi  status=Success
0:239  0:006   - driver needs connecting
0:239  0:000  2 drivers needs connecting ...
0:239  0:000  PlatformDriverOverrideProtocol not found. Installing ... Success
0:239  0:000  HFS+ driver loaded
0:239  0:000  APFS driver loaded
0:239  0:000  Searching for invalid DiskIo BY_DRIVER connects:
0:239  0:000   - Handle A9923D98 with DiskIo, is Partition, no Fs, BY_DRIVER Agent: AA762D98, Disconnect: Success
0:729  0:490  EmuVariable InstallEmulation: orig vars copied, emu.var.services installed, CreateEvent VirtualAddressChange = Success, CreateEvent ExitBootServices = Success, set Status=Success
0:729  0:000  === [ InitScreen ] ========================================
0:729  0:000  SetScreenResolution: 1024x768 - already set
0:729  0:000  Console modes reported: 4, available modes:
0:729  0:000   - [01]: 80x25
0:729  0:000   - [03]: 120x36
0:729  0:000   - [04]: 128x40 (current mode)
0:729  0:000  SetScreenResolution: 1024x768 - already set
0:758  0:028  reinit: self device path=PciRoot(0x0)\Pci(0x1F,0x2)\Sata(0x0,0x0,0x0)\HD(1,GPT,4893B40D-92DC-4090-B618-E89D6970C6ED,0x28,0x64000)
0:758  0:000  Using embedded font: Success
0:759  0:000  === [ GetMacAddress ] =====================================
0:759  0:000   get legacy LAN MAC, 1 card found
0:759  0:000  Legacy MAC address of LAN #0= 2C:41:38:0E:1C:84:
0:759  0:000  === [ ScanSPD ] ===========================================
0:760  0:000  === [ GetAcpiTablesList ] =================================
0:760  0:000  Get Acpi Tables List from RSDT:
0:760  0:000   - [00]: FACP  167C     len=244
0:760  0:000   - [01]: HPET  167C     len=56
0:760  0:000   - [02]: APIC  167C     len=188
0:760  0:000   - [03]: MCFG  167C     len=60
0:760  0:000   - [04]: ASF!  167C     len=165
0:760  0:000   - [05]: SSDT  SataAhci len=643
0:760  0:000   - [06]: SSDT  PtidDevc len=1162
0:760  0:000   - [07]: SSDT  Cpu0Ist len=1932
0:760  0:000   - [08]: SSDT  CpuPm len=2481
0:760  0:000   - [09]: SSDT  SgTabl len=3008
0:760  0:000  Calibrated TSC Frequency = 2294785463 = 2294MHz
0:760  0:000  === [ GetUserSettings ] ===================================
0:760  0:000  USB FixOwnership: no
0:760  0:000  Dropping 2 tables:
0:760  0:000   - [00]: Drop table  signature="DMAR" (52414D44)
0:760  0:000           - set table: 52414D44,                0 to drop: no
0:760  0:000   - [01]: Drop table  signature="SSDT" (54445353) table-id="PtidDevc" (6376654464697450)
0:760  0:000           - set table: 54445353, 6376654464697450 to drop: yes
0:760  0:000   - final DSDT Fix mask=00060050
0:760  0:000  PatchesDSDT: 33 requested
0:760  0:000   - [00]: (change _DSM to XDSM) lenToFind: 4, lenToReplace: 4, Target Bridge: <null string>
0:760  0:000   - [01]: (change _OSI to XOSI) lenToFind: 4, lenToReplace: 4, Target Bridge: <null string>
0:760  0:000   - [02]: (change EC0 to EC) lenToFind: 4, lenToReplace: 4, Target Bridge: <null string>
0:760  0:000   - [03]: (change EHC1 to EH01) lenToFind: 4, lenToReplace: 4, Target Bridge: <null string>
0:760  0:000   - [04]: (change EHC2 to EH02) lenToFind: 4, lenToReplace: 4, Target Bridge: <null string>
0:760  0:000   - [05]: (change GFX0 to IGPU) lenToFind: 4, lenToReplace: 4, Target Bridge: <null string>
0:760  0:000   - [06]: (Change Device(HECI) _ADR=0x00160000 to _ADR=0) lenToFind: 14, lenToReplace: 14, Target Bridge: <null string>
0:760  0:000    patch disabled at config
0:760  0:000   - [07]: (change HDAS to HDEF) lenToFind: 4, lenToReplace: 4, Target Bridge: <null string>
0:760  0:000   - [08]: (change B0D3 to HDAU) lenToFind: 4, lenToReplace: 4, Target Bridge: <null string>
0:760  0:000   - [09]: (change SAT0 to SATA) lenToFind: 4, lenToReplace: 4, Target Bridge: <null string>
0:760  0:000   - [10]: (change Method(UPRW,2,S) to XPRW) lenToFind: 7, lenToReplace: 7, Target Bridge: <null string>
0:760  0:000   - [11]: (change Method(GPRW,2,N) to XPRW) lenToFind: 5, lenToReplace: 5, Target Bridge: <null string>
0:760  0:000   - [12]: (change LANC Method(_PRW,0,Serialized) to Method(XPRW,0,..)) lenToFind: 11, lenToReplace: 11, Target Bridge: <null string>
0:760  0:000   - [13]: (change _PTS to ZPTS) lenToFind: 5, lenToReplace: 5, Target Bridge: <null string>
0:760  0:000   - [14]: (change _WAK to ZWAK) lenToFind: 5, lenToReplace: 5, Target Bridge: <null string>
0:760  0:000   - [15]: (change _WAK to ZWAK (G3)) lenToFind: 5, lenToReplace: 5, Target Bridge: <null string>
0:760  0:000   - [16]: (change Method(BTIF,1,Serialized) to BTI0) lenToFind: 7, lenToReplace: 7, Target Bridge: <null string>
0:760  0:000   - [17]: (change Method(BTIF,1,Serialized) to BTI0 (G3)) lenToFind: 8, lenToReplace: 8, Target Bridge: <null string>
0:760  0:000   - [18]: (change Method(BTST,2,Serialized) to BTS1) lenToFind: 7, lenToReplace: 7, Target Bridge: <null string>
0:760  0:000   - [19]: (change Method(BTST,2,Serialized) to BTS1 (G3)) lenToFind: 8, lenToReplace: 8, Target Bridge: <null string>
0:760  0:000   - [20]: (change Method(SBTC,3,NotSerialized) to SBT2) lenToFind: 7, lenToReplace: 7, Target Bridge: <null string>
0:760  0:000   - [21]: (change Method(GBTI,1,NotSerialized) to GBT3) lenToFind: 7, lenToReplace: 7, Target Bridge: <null string>
0:760  0:000   - [22]: (change Method(GBTC,0,NotSerialized) to GBT4) lenToFind: 7, lenToReplace: 7, Target Bridge: <null string>
0:760  0:000   - [23]: (change Method(ITLB,0,NotSerialized) to ITL1 (for G4)) lenToFind: 5, lenToReplace: 5, Target Bridge: <null string>
0:760  0:000   - [24]: (change Name(NBTI,..) to NBT5) lenToFind: 5, lenToReplace: 5, Target Bridge: <null string>
0:760  0:000   - [25]: (change Notify(\_SB.BAT0,...) to Notify(_SB.BATC,...)) lenToFind: 11, lenToReplace: 11, Target Bridge: <null string>
0:760  0:000   - [26]: (change Notify(\_SB.BAT1,...) to Notify(_SB.BATC,...)) lenToFind: 11, lenToReplace: 11, Target Bridge: <null string>
0:760  0:000   - [27]: (change Notify(BAT0,...) to Notify(BATC,...)) lenToFind: 5, lenToReplace: 5, Target Bridge: <null string>
0:760  0:000   - [28]: (change Notify(BAT1,...) to Notify(BATC,...)) lenToFind: 5, lenToReplace: 5, Target Bridge: <null string>
0:760  0:000   - [29]: (change Method(RDSS,1,S) to XDSS) lenToFind: 5, lenToReplace: 5, Target Bridge: <null string>
0:760  0:000   - [30]: (change EC Method(_REG,2,N) to XREG, 4x40s, 4x30s) lenToFind: 11, lenToReplace: 11, Target Bridge: <null string>
0:760  0:000   - [31]: (change EC Method(_REG,2,N) to XREG, 4x0 G3 Skylake) lenToFind: 11, lenToReplace: 11, Target Bridge: <null string>
0:760  0:000   - [32]: (RTC fix) lenToFind: 8, lenToReplace: 8, Target Bridge: <null string>
0:760  0:000  Using ProductName from config: MacBookPro8,1
0:760  0:000  Using latest BiosVersion from clover
0:760  0:000  BiosVersion: MBP81.88Z.004D.B00.1708080655
0:760  0:000  BiosReleaseDate: 08/08/17
0:760  0:000  Using FirmwareFeatures from clover: 0xC00DE137
0:760  0:000  Using FirmwareFeaturesMask from clover: 0xFF1FFF3F
0:760  0:000  PlatformFeature will not set in SMBIOS
0:760  0:000  Board-ID set from config as Mac-94245B3640C91C81
0:760  0:000  BoardType: 0xA
0:760  0:000  ChassisType: 0x9
1:620  0:860  === [ ScanVolumes ] =======================================
1:620  0:000  Found 8 volumes with blockIO
1:620  0:000  - [00]: Volume: PciRoot(0x0)\Pci(0x1F,0x2)\Sata(0x0,0x0,0x0)
1:621  0:000  - [01]: Volume: PciRoot(0x0)\Pci(0x1F,0x2)\Sata(0x1,0x0,0x0)
1:621  0:000          Found optical drive
1:621  0:000  - [02]: Volume: PciRoot(0x0)\Pci(0x1F,0x2)\Sata(0x0,0x0,0x0)\HD(1,GPT,4893B40D-92DC-4090-B618-E89D6970C6ED,0x28,0x64000)
1:622  0:001          Result of bootcode detection: bootable unknown (legacy)
1:625  0:002          This is SelfVolume !!
1:625  0:000  - [03]: Volume: PciRoot(0x0)\Pci(0x1F,0x2)\Sata(0x0,0x0,0x0)\HD(2,GPT,E4998A76-15A4-443E-B8F1-B5E8C5A25286,0x64028,0x1DC8F260)
1:626  0:001          Result of bootcode detection: bootable unknown (legacy)
1:626  0:000  - [04]: Volume: PciRoot(0x0)\Pci(0x1F,0x2)\Sata(0x0,0x0,0x0)\HD(2,GPT,E4998A76-15A4-443E-B8F1-B5E8C5A25286,0x64028,0x1DC8F260)\VenMedia(BE74FCF7-0B7C-49F3-9147-01F4042E6842,8C8630AE883F0D48B4E4C82E4755EE46)
1:626  0:000  - [05]: Volume: PciRoot(0x0)\Pci(0x1F,0x2)\Sata(0x0,0x0,0x0)\HD(2,GPT,E4998A76-15A4-443E-B8F1-B5E8C5A25286,0x64028,0x1DC8F260)\VenMedia(BE74FCF7-0B7C-49F3-9147-01F4042E6842,69505A42073CC93D8B71B30AAB71107A)
1:626  0:000  - [06]: Volume: PciRoot(0x0)\Pci(0x1F,0x2)\Sata(0x0,0x0,0x0)\HD(2,GPT,E4998A76-15A4-443E-B8F1-B5E8C5A25286,0x64028,0x1DC8F260)\VenMedia(BE74FCF7-0B7C-49F3-9147-01F4042E6842,AC288F9A0B766A45908AC2B4C6A3F765)
1:626  0:000  - [07]: Volume: PciRoot(0x0)\Pci(0x1F,0x2)\Sata(0x0,0x0,0x0)\HD(2,GPT,E4998A76-15A4-443E-B8F1-B5E8C5A25286,0x64028,0x1DC8F260)\VenMedia(BE74FCF7-0B7C-49F3-9147-01F4042E6842,77C7505CFCC2254EAEEAA8F312405C82)
1:627  0:000  Loading nvram.plist from Vol 'EFI' - loaded, size=4203
1:643  0:015  === [ PutNvramPlistToRtVars ] =============================
1:643  0:000   Adding Key: EFILoginHiDPI: Size = 4, Data: 00 00 00 00 
1:643  0:000   Skipping EmuVariableUefiPresent
1:643  0:000   Skipping OsxAptioFixDrv-RelocBase
1:643  0:000   Adding Key: SystemAudioVolume: Size = 1, Data: 13 
1:643  0:000   Adding Key: SystemAudioVolumeDB: Size = 1, Data: EE 
1:643  0:000   Adding Key: backlight-level: Size = 2, Data: 72 01 
1:643  0:000   Adding Key: bluetoothActiveControllerInfo: Size = 16, Data: 05 30 F3 0C 00 00 00 00 16 1D D0 DF 9A 74 C6 0C 
1:643  0:000   Adding Key: bootercfg: Size = 2, Data: 28 00 
1:643  0:000   Adding Key: csr-active-config: Size = 4, Data: 67 00 00 00 
1:643  0:000   Adding Key: efi-backup-boot-device: Size = 363, Data: 3C 61 72 72 61 79 3E 3C 64 69 63 74 3E 3C 6B 65 79 3E 49 4F 4D 61 74 63 68 3C 2F 6B 65 79 3E 3C 64 69 63 74 3E 3C 6B 65 79 3E 49 4F 50 72 6F 76 69 64 65 72 43 6C 61 73 73 3C 2F 6B 65 79 3E 3C 73 74 72 69 6E 67 3E 49 4F 4D 65 64 69 61 3C 2F 73 74 72 69 6E 67 3E 3C 6B 65 79 3E 49 4F 50 72 6F 70 65 72 74 79 4D 61 74 63 68 3C 2F 6B 65 79 3E 3C 64 69 63 74 3E 3C 6B 65 79 3E 55 55 49 44 3C 2F 6B 65 79 3E 3C 73 74 72 69 6E 67 3E 45 34 39 39 38 41 37 36 2D 31 35 41 34 2D 34 34 33 45 2D 42 38 46 31 2D 42 35 45 38 43 35 41 32 35 32 38 36 3C 2F 73 74 72 69 6E 67 3E 3C 2F 64 69 63 74 3E 3C 2F 64 69 63 74 3E 3C 6B 65 79 3E 42 4C 4C 61 73 74 42 53 44 4E 61 6D 65 3C 2F 6B 65 79 3E 3C 73 74 72 69 6E 67 3E 64 69 73 6B 30 73 32 3C 2F 73 74 72 69 6E 67 3E 3C 2F 64 69 63 74 3E 3C 64 69 63 74 3E 3C 6B 65 79 3E 49 4F 45 46 49 42 6F 6F 74 4F 70 74 69 6F 6E 3C 2F 6B 65 79 3E 3C 73 74 72 69 6E 67 3E 63 6F 6E 66 69 67 3D 22 5C 6D 61 63 4F 53 20 49 6E 73 74 61 6C 6C 20 44 61 74 61 5C 63 6F 6D 2E 61 70 70 6C 65 2E 42 6F 6F 74 22 3C 2F 73 74 72 69 6E 67 3E 3C 2F 64 69 63 74 3E 3C 2F 61 72 72 61 79 3E 
1:643  0:000   Adding Key: efi-backup-boot-device-data: Size = 74, Data: 02 01 0C 00 D0 41 03 0A 00 00 00 00 01 01 06 00 02 1F 03 12 0A 00 00 00 00 00 00 00 04 01 2A 00 02 00 00 00 28 40 06 00 00 00 00 00 40 93 B5 1D 00 00 00 00 76 8A 99 E4 A4 15 3E 44 B8 F1 B5 E8 C5 A2 52 86 02 02 7F FF 04 00 
1:643  0:000   Adding Key: efi-boot-device: Size = 363, Data: 3C 61 72 72 61 79 3E 3C 64 69 63 74 3E 3C 6B 65 79 3E 49 4F 4D 61 74 63 68 3C 2F 6B 65 79 3E 3C 64 69 63 74 3E 3C 6B 65 79 3E 49 4F 50 72 6F 76 69 64 65 72 43 6C 61 73 73 3C 2F 6B 65 79 3E 3C 73 74 72 69 6E 67 3E 49 4F 4D 65 64 69 61 3C 2F 73 74 72 69 6E 67 3E 3C 6B 65 79 3E 49 4F 50 72 6F 70 65 72 74 79 4D 61 74 63 68 3C 2F 6B 65 79 3E 3C 64 69 63 74 3E 3C 6B 65 79 3E 55 55 49 44 3C 2F 6B 65 79 3E 3C 73 74 72 69 6E 67 3E 45 34 39 39 38 41 37 36 2D 31 35 41 34 2D 34 34 33 45 2D 42 38 46 31 2D 42 35 45 38 43 35 41 32 35 32 38 36 3C 2F 73 74 72 69 6E 67 3E 3C 2F 64 69 63 74 3E 3C 2F 64 69 63 74 3E 3C 6B 65 79 3E 42 4C 4C 61 73 74 42 53 44 4E 61 6D 65 3C 2F 6B 65 79 3E 3C 73 74 72 69 6E 67 3E 64 69 73 6B 30 73 32 3C 2F 73 74 72 69 6E 67 3E 3C 2F 64 69 63 74 3E 3C 64 69 63 74 3E 3C 6B 65 79 3E 49 4F 45 46 49 42 6F 6F 74 4F 70 74 69 6F 6E 3C 2F 6B 65 79 3E 3C 73 74 72 69 6E 67 3E 63 6F 6E 66 69 67 3D 22 5C 6D 61 63 4F 53 20 49 6E 73 74 61 6C 6C 20 44 61 74 61 5C 63 6F 6D 2E 61 70 70 6C 65 2E 42 6F 6F 74 22 3C 2F 73 74 72 69 6E 67 3E 3C 2F 64 69 63 74 3E 3C 2F 61 72 72 61 79 3E 
1:643  0:000   Adding Key: efi-boot-device-data: Size = 74, Data: 02 01 0C 00 D0 41 03 0A 00 00 00 00 01 01 06 00 02 1F 03 12 0A 00 00 00 00 00 00 00 04 01 2A 00 02 00 00 00 28 40 06 00 00 00 00 00 40 93 B5 1D 00 00 00 00 76 8A 99 E4 A4 15 3E 44 B8 F1 B5 E8 C5 A2 52 86 02 02 7F FF 04 00 
1:643  0:000   Adding Key: fakesmc-key-#KEY-ui32: Size = 4, Data: 00 00 00 12 
1:643  0:000   Adding Key: fakesmc-key-$Adr-ui32: Size = 4, Data: 00 00 03 00 
1:643  0:000   Adding Key: fakesmc-key-$Num-ui8: Size = 1, Data: 01 
1:643  0:000   Adding Key: fakesmc-key-BATP-flag: Size = 1, Data: 00 
1:643  0:000   Adding Key: fakesmc-key-BBIN-ui8: Size = 1, Data: 01 
1:643  0:000   Adding Key: fakesmc-key-BEMB-flag: Size = 1, Data: 01 
1:643  0:000   Adding Key: fakesmc-key-BNum-ui8: Size = 1, Data: 01 
1:643  0:000   Adding Key: fakesmc-key-EPCI-ui32: Size = 4, Data: 05 B0 07 00 
1:643  0:000   Adding Key: fakesmc-key-MSAc-ui16: Size = 2, Data: 00 00 
1:643  0:000   Adding Key: fakesmc-key-MSFW-ui8: Size = 2, Data: 01 00 
1:643  0:000   Adding Key: fakesmc-key-MSLD-ui8: Size = 1, Data: 00 
1:643  0:000   Adding Key: fakesmc-key-MSPS-ui16: Size = 2, Data: 00 03 
1:643  0:000   Adding Key: fakesmc-key-MSTc-ui8: Size = 1, Data: 00 
1:643  0:000   Adding Key: fakesmc-key-MSWr-ui8: Size = 1, Data: 00 
1:643  0:000   Adding Key: fakesmc-key-RBr -ch8*: Size = 8, Data: 6B 39 30 69 00 00 00 00 
1:643  0:000   Adding Key: fakesmc-key-REV -ch8*: Size = 6, Data: 01 68 0F 00 00 99 
1:643  0:000   Adding Key: fakesmc-key-RMde-char: Size = 1, Data: 41 
1:643  0:000   Adding Key: fakesmc-key-RPlt-ch8*: Size = 8, Data: 6B 39 30 69 00 00 00 00 
1:643  0:000   Adding Key: flagstate: Size = 32, Data: 00 00 00 00 00 00 00 00 00 00 00 00 00 00 00 00 00 00 00 00 00 00 00 00 00 00 00 00 00 00 00 00 
1:643  0:000   Adding Key: fmm-computer-name: Size = 23, Data: 4D 61 63 42 6F 6F 6B 20 50 72 6F C2 A0 E2 80 94 20 41 6E 64 72 65 79 
1:643  0:000   Adding Key: install-product-url: Size = 73, Data: 78 2D 6F 73 70 72 6F 64 75 63 74 3A 2F 2F 34 32 35 41 35 30 36 39 2D 33 43 30 37 2D 33 44 43 39 2D 38 42 37 31 2D 42 33 30 41 41 42 37 31 31 30 37 41 2F 6D 61 63 4F 53 25 32 30 49 6E 73 74 61 6C 6C 25 32 30 44 61 74 61 
1:643  0:000   Adding Key: intel-backlight-level: Size = 4, Data: 00 02 00 00 
1:643  0:000   Adding Key: platform-uuid: Size = 16, Data: 00 00 00 00 00 00 00 00 00 00 00 00 00 00 00 00 
1:643  0:000   Adding Key: prev-lang:kbd: Size = 7, Data: 72 75 2D 52 55 3A 30 
1:643  0:000   Adding Key: previous-system-uuid: Size = 36, Data: 34 32 35 41 35 30 36 39 2D 33 43 30 37 2D 33 44 43 39 2D 38 42 37 31 2D 42 33 30 41 41 42 37 31 31 30 37 41 
1:643  0:000   Adding Key: rc_imgsrc_info: Size = 92, Data: 62 70 6C 69 73 74 30 30 A1 01 D1 02 03 5F 10 24 34 32 35 41 35 30 36 39 2D 33 43 30 37 2D 33 44 43 39 2D 38 42 37 31 2D 42 33 30 41 41 42 37 31 31 30 37 41 53 53 53 44 08 0A 0D 34 00 00 00 00 00 00 01 01 00 00 00 00 00 00 00 04 00 00 00 00 00 00 00 00 00 00 00 00 00 00 00 38 
1:643  0:000   Adding Key: security-mode: String: Size = 4, Val = 'none'
1:643  0:000   Adding Key: specialbootdevice: Size = 110, Data: 02 01 0C 00 D0 41 03 0A 00 00 00 00 01 01 06 00 02 1F 03 12 0A 00 00 00 00 00 00 00 04 01 2A 00 02 00 00 00 28 40 06 00 00 00 00 00 60 F2 C8 1D 00 00 00 00 76 8A 99 E4 A4 15 3E 44 B8 F1 B5 E8 C5 A2 52 86 02 02 04 03 24 00 F7 FC 74 BE 7C 0B F3 49 91 47 01 F4 04 2E 68 42 8C 86 30 AE 88 3F 0D 48 B4 E4 C8 2E 47 55 EE 46 7F FF 04 00 
1:643  0:000  === [ InitTheme ] =========================================
1:649  0:006  Using theme 'Yosemite' (EFI\CLOVER\themes\Yosemite)
1:649  0:000  OS main and drive as badge
1:651  0:001  Loading font from ThemeDir: Success
1:652  0:000  Choosing theme Yosemite
1:652  0:000  after NVRAM boot-args=dart=0 kext-dev-mode=1
1:652  0:000  === [ Dump SMC keys from NVRAM ] ==========================
1:652  0:000  found AppleSMC protocol
1:652  0:000  Registered 18 SMC keys
1:652  0:000  === [ AddCustomEntries ] ==================================
1:652  0:000  Custom entry 0 skipped because it is disabled.
1:652  0:000  === [ ScanLoader ] ========================================
1:652  0:000  - [02]: 'EFI'
1:653  0:001  - [04]: 'Preboot'
1:658  0:004          AddLoaderEntry for Volume Name=Preboot
1:658  0:000      Not match custom entry 0: Type: not match
1:664  0:006      hibernated: set as never
1:666  0:001          [!] Icon 17 (icons\vol_internal_hfs.icns) not found (path: EFI\CLOVER\themes\Yosemite)
1:669  0:003          AddLoaderEntry for Volume Name=Preboot
1:669  0:000      Not match custom entry 0: Type: not match
1:673  0:004  - [05]: 'SSD'
1:691  0:017          AddLoaderEntry for Volume Name=SSD
1:691  0:000      Not match custom entry 0: Type: not match
1:735  0:043          AddLoaderEntry for Volume Name=SSD
1:735  0:000      Not match custom entry 0: Type: not match
1:746  0:011      hibernated: set as never
1:750  0:003  - [06]: 'Recovery'
1:750  0:000          AddLoaderEntry for Volume Name=Recovery
1:750  0:000      Not match custom entry 0: Type: not match
1:752  0:002  - [07]: 'VM'
1:752  0:000  === [ AddCustomTool ] =====================================
1:754  0:001  found tool \EFI\CLOVER\tools\Shell64U.efi
1:754  0:000  Checking EFI partition Volume 2 for Clover
1:754  0:000   Found Clover
1:755  0:001  EmuVariable UninstallEmulation: CloseEvent = Success, original var services restored
1:756  0:000  EmuVariable InstallEmulation: orig vars copied, emu.var.services installed, CreateEvent VirtualAddressChange = Success, CreateEvent ExitBootServices = Success, set Status=Success
1:759  0:003  === [ GetEfiBootDeviceFromNvram ] =========================
1:759  0:000   - efi-boot-device-data: PciRoot(0x0)\Pci(0x1F,0x2)\Sata(0x0,0x0,0x0)\HD(2,GPT,E4998A76-15A4-443E-B8F1-B5E8C5A25286,0x64028,0x1DB59340)
1:759  0:000    - Volume: 'PciRoot(0x0)\Pci(0x1F,0x2)\Sata(0x0,0x0,0x0)\HD(2,GPT,E4998A76-15A4-443E-B8F1-B5E8C5A25286,0x64028,0x1DB59340)'
1:759  0:000    - LoaderPath: '<null string>'
1:759  0:000    - Guid = E4998A76-15A4-443E-B8F1-B5E8C5A25286
1:759  0:000  === [ FindStartupDiskVolume ] =============================
1:759  0:000    - Volume: partition = PciRoot(0x0)\Pci(0x1F,0x2)\Sata(0x0,0x0,0x0)\HD(2,GPT,E4998A76-15A4-443E-B8F1-B5E8C5A25286,0x64028,0x1DB59340)
1:759  0:000     - searching for that partition
1:759  0:000      - [!] not found
1:759  0:000     - searching again, but comparing Media dev path nodes
1:759  0:000      - [!] not found
1:759  0:000  Default boot entry not found
1:759  0:000  EmuVariable UninstallEmulation: CloseEvent = Success, original var services restored
1:759  0:000  DefaultIndex=-1 and MainMenu.EntryCount=11
1:986  0:227  GUI ready
55:363  53:376  Found UEFI Acpi 2.0 RSDP at ACFFE014
55:363  0:000  Saving ACPI tables from RSDP ACFFE014 to EFI\CLOVER\ACPI\origin ...
55:363  0:000   ACFFE014: 'RSD PTR ', Rev: 2 (Acpi 2.0 or newer), Len: 36 -> RSDP.aml
55:388  0:025    (Xsdt: ACFFE120, Rsdt: ACFFE0AC)
55:388  0:000    ACFFE120: 'XSDT', 'SLIC-MPC', Rev: 1, Len: 116 -> XSDT.aml
55:409  0:021    ACFFE0AC: 'RSDT', 'SLIC-MPC', Rev: 1, Len: 76 -> RSDT.aml
55:433  0:024    Tables in Xsdt: 10
55:433  0:000    0. ACFFC000: 'FACP', '167C', Rev: 3, Len: 244 -> FACP.aml
55:454  0:021        (Dsdt: ACFD2000, Facs: ACF99000, XDsdt: ACFD2000, XFacs: ACF99000)
55:454  0:000        ACFD2000: 'DSDT', '167C', Rev: 2, Len: 149738 -> DSDT.aml
55:489  0:034        ACF99000: 'FACS', Ver: 1, Len: 64 -> FACS.aml
55:513  0:024    1. ACFFB000: 'HPET', '167C', Rev: 1, Len: 56 -> HPET.aml
55:537  0:024    2. ACFFA000: 'APIC', '167C', Rev: 1, Len: 188 -> APIC.aml
55:558  0:020    3. ACFF9000: 'MCFG', '167C', Rev: 1, Len: 60 -> MCFG.aml
55:578  0:019    4. ACFF8000: 'ASF!', '167C', Rev: 32, Len: 165 -> ASF!.aml
55:598  0:020    5. ACFCF000: 'SSDT', 'SataAhci', Rev: 1, Len: 643 -> SSDT-0-SataAhci.aml
55:621  0:022    6. ACFCE000: 'SSDT', 'PtidDevc', Rev: 1, Len: 1162 -> SSDT-1-PtidDevc.aml
55:632  0:011    7. ACFCD000: 'SSDT', 'Cpu0Ist', Rev: 1, Len: 1932 -> SSDT-2-Cpu0Ist.aml
55:644  0:012    8. ACFCC000: 'SSDT', 'CpuPm', Rev: 1, Len: 2481 -> SSDT-3-CpuPm.aml (Found hidden SSDT 4 pcs)
55:660  0:015        * AA73C018: 'A¼Ç', 'ptal0', Rev: 1, Len: 4055040  41 BC C7 02 00 E0 3D 00 01 00 00 00 00 00 00 00 
55:660  0:000        * ACE67A98: 'SSDT', 'ApIst', Rev: 1, Len: 771  53 53 44 54 03 03 00 00 01 82 50 6D 52 65 66 00 Internal length = 771 -> SSDT-x3_0-ApIst.aml
55:674  0:013        * ACE66718: 'SSDT', 'Cpu0Cst', Rev: 1, Len: 1692  53 53 44 54 9C 06 00 00 01 D2 50 6D 52 65 66 00 Internal length = 1692 -> SSDT-x3_1-Cpu0Cst.aml
55:695  0:021        * ACE65D98: 'SSDT', 'ApCst', Rev: 1, Len: 281  53 53 44 54 19 01 00 00 01 F8 50 6D 52 65 66 00 Internal length = 281 -> SSDT-x3_2-ApCst.aml
55:708  0:012  
55:708  0:000    9. ACFCB000: 'SSDT', 'SgTabl', Rev: 1, Len: 3008 -> SSDT-4-SgTabl.aml
55:720  0:012    Tables in Rsdt: 10
55:720  0:000    0. ACFFC000: 'FACP', '167C', Rev: 3, Len: 244
55:720  0:000        (Dsdt: ACFD2000, Facs: ACF99000, XDsdt: ACFD2000, XFacs: ACF99000)
55:720  0:000        ACFD2000: 'DSDT', '167C', Rev: 2, Len: 149738
55:724  0:004        ACF99000: 'FACS', Ver: 1, Len: 64
55:724  0:000    1. ACFFB000: 'HPET', '167C', Rev: 1, Len: 56
55:724  0:000    2. ACFFA000: 'APIC', '167C', Rev: 1, Len: 188
55:724  0:000    3. ACFF9000: 'MCFG', '167C', Rev: 1, Len: 60
55:724  0:000    4. ACFF8000: 'ASF!', '167C', Rev: 32, Len: 165
55:724  0:000    5. ACFCF000: 'SSDT', 'SataAhci', Rev: 1, Len: 643
55:724  0:000    6. ACFCE000: 'SSDT', 'PtidDevc', Rev: 1, Len: 1162
55:724  0:000    7. ACFCD000: 'SSDT', 'Cpu0Ist', Rev: 1, Len: 1932
55:724  0:000    8. ACFCC000: 'SSDT', 'CpuPm', Rev: 1, Len: 2481
55:724  0:000    9. ACFCB000: 'SSDT', 'SgTabl', Rev: 1, Len: 3008
55:724  0:000  Found UEFI Acpi 1.0 RSDP at ACFFE000
55:724  0:000  Printing ACPI tables from RSDP ACFFE000 ...
55:724  0:000   ACFFE000: 'RSD PTR ', Rev: 0 (Acpi 1.0), Len: 20
55:724  0:000    (Rsdt: ACFFE038)
55:724  0:000    ACFFE038: 'RSDT', 'SLIC-MPC', Rev: 1, Len: 76
55:724  0:000    Tables in Rsdt: 10
55:724  0:000    0. ACFFD000: 'FACP', '167C', Rev: 1, Len: 116
55:724  0:000        (Dsdt: ACFD2000, Facs: ACF99000)
55:724  0:000        ACFD2000: 'DSDT', '167C', Rev: 2, Len: 149738
55:728  0:003        ACF99000: 'FACS', Ver: 1, Len: 64
55:728  0:000    1. ACFFB000: 'HPET', '167C', Rev: 1, Len: 56
55:728  0:000    2. ACFFA000: 'APIC', '167C', Rev: 1, Len: 188
55:728  0:000    3. ACFF9000: 'MCFG', '167C', Rev: 1, Len: 60
55:728  0:000    4. ACFF8000: 'ASF!', '167C', Rev: 32, Len: 165
55:728  0:000    5. ACFCF000: 'SSDT', 'SataAhci', Rev: 1, Len: 643
55:728  0:000    6. ACFCE000: 'SSDT', 'PtidDevc', Rev: 1, Len: 1162
55:728  0:000    7. ACFCD000: 'SSDT', 'Cpu0Ist', Rev: 1, Len: 1932
55:728  0:000    8. ACFCC000: 'SSDT', 'CpuPm', Rev: 1, Len: 2481
55:728  0:000    9. ACFCB000: 'SSDT', 'SgTabl', Rev: 1, Len: 3008
58:316  2:587  BootVariable of the entry is empty
58:316  0:000  === [ StartLoader ] =======================================
58:316  0:000  Finally: ExternalClock=24MHz BusSpeed=99773kHz CPUFreq=2295MHz PIS: hw.busfrequency=96000000Hz
58:316  0:000  Loading boot.efi  status=Success
58:408  0:092  GetOSVersion: 10.13.3 (17D47)
58:409  0:000  CSR_CFG: CSR_ALLOW_UNTRUSTED_KEXTS | CSR_ALLOW_UNRESTRICTED_FS | CSR_ALLOW_TASK_FOR_PID | CSR_ALLOW_UNRESTRICTED_DTRACE | CSR_ALLOW_UNRESTRICTED_NVRAM
58:409  0:000  Filtering KextPatches:
58:409  0:000   - [00]: com.apple.driver.usb.AppleUSBXHCIPCI (change 15 port limit to 26 in XHCI kext (100-series)) :: BinPatch :: [OS: 10.13.3 | MatchOS: 10.11.x | MatchBuild: All] ==> disabled by user
58:409  0:000   - [01]: com.apple.driver.usb.AppleUSBXHCIPCI (change 15 port limit to 26 in XHCI kext (100-series)) :: BinPatch :: [OS: 10.13.3 | MatchOS: 10.12.x | MatchBuild: All] ==> disabled by user
58:409  0:000   - [02]: com.apple.driver.AppleHDA (AppleHDA .xml.zl to .zml.zl) :: BinPatch :: [OS: 10.13.3 | MatchOS: 10.10.x,10.11.x,10.12.x | MatchBuild: All] ==> not allowed
58:409  0:000   - [03]: com.apple.iokit.IOAHCIBlockStorage (Enable TRIM for non-Apple SSDs) :: BinPatch :: [OS: 10.13.3 | MatchOS: All | MatchBuild: All] ==> allowed
58:409  0:000   - [04]: com.apple.iokit.IOGraphicsFamily (Boot graphics glitch, 10.10.x/10.11.x (credit lisai9093, cecekpawon)) :: BinPatch :: [OS: 10.13.3 | MatchOS: 10.10.x,10.11.x | MatchBuild: All] ==> not allowed
58:409  0:000   - [05]: com.apple.iokit.IOGraphicsFamily (Boot graphics glitch, 10.12.dp1 (credit denskop)) :: BinPatch :: [OS: 10.13.3 | MatchOS: 10.12.x | MatchBuild: All] ==> not allowed
58:409  0:000   - [06]: com.apple.driver.AirPort.Brcm4360 (AirPortBrcm4360 whitelist patch (board-id), 10.12.dp1, credit RehabMan) :: BinPatch :: [OS: 10.13.3 | MatchOS: 10.12.x | MatchBuild: All] ==> not allowed
58:409  0:000   - [07]: com.apple.driver.AirPort.Brcm4360 (AirPortBrcm4360 whitelist patch (board-id), 10.11.x, credit RehabMan) :: BinPatch :: [OS: 10.13.3 | MatchOS: 10.11.x | MatchBuild: All] ==> not allowed
58:409  0:000   - [08]: com.apple.driver.AirPort.Brcm4360 (AirPortBrcm4360 whitelist patch (board-id), 10.10.5, credit RehabMan) :: BinPatch :: [OS: 10.13.3 | MatchOS: 10.10.5 | MatchBuild: All] ==> not allowed
58:409  0:000   - [09]: com.apple.driver.AirPort.Brcm4360 (10.9.5 5Ghz US FCC, svko) :: BinPatch :: [OS: 10.13.3 | MatchOS: 10.9.5 | MatchBuild: All] ==> not allowed
58:409  0:000   - [10]: com.apple.driver.AirPort.Brcm4360 (10.10.2+ 5Ghz US FCC, the-darkvoid) :: BinPatch :: [OS: 10.13.3 | MatchOS: 10.10.x,10.11.x | MatchBuild: All] ==> not allowed
58:409  0:000   - [11]: com.apple.driver.AirPort.Brcm4360 (AirPortBrcm4360 - fcvo, 10.12.x (credit the-darkvoid)) :: BinPatch :: [OS: 10.13.3 | MatchOS: 10.12.x | MatchBuild: All] ==> not allowed
58:409  0:000   - [12]: com.apple.iokit.IOBluetoothFamily (10.10.2+ BT4LE-Handoff-Hotspot, Dokterdok) :: BinPatch :: [OS: 10.13.3 | MatchOS: 10.10.x | MatchBuild: All] ==> not allowed
58:409  0:000   - [13]: com.apple.iokit.IOBluetoothFamily (10.11.dp1+ BT4LE-Handoff-Hotspot, credit RehabMan based on Dokterdok original) :: BinPatch :: [OS: 10.13.3 | MatchOS: 10.11.x,10.12.x | MatchBuild: All] ==> not allowed
58:409  0:000   - [14]: com.apple.driver.AppleBacklight (change F%uT%04x to F%uTxxxx in AppleBacklightInjector.kext (credit RehabMan)) :: BinPatch :: [OS: 10.13.3 | MatchOS: All | MatchBuild: All] ==> allowed
58:409  0:000   - [15]: com.apple.driver.AppleIntelSNBGraphicsFB (HDMI-audio HD3000, 0x00010000, port 0406) :: BinPatch :: [OS: 10.13.3 | MatchOS: All | MatchBuild: All] ==> allowed
58:409  0:000   - [16]: com.apple.driver.AppleHDA (IDT 76D1 #1 of 2) :: BinPatch :: [OS: 10.13.3 | MatchOS: All | MatchBuild: All] ==> allowed
58:409  0:000   - [17]: com.apple.driver.AppleHDA (IDT 76D1 #2 of 2) :: BinPatch :: [OS: 10.13.3 | MatchOS: All | MatchBuild: All] ==> allowed
58:409  0:000   - [18]: com.apple.driver.AppleUSBXHCI (USB 3.0 Disable Intel USB3 controller check 10.9) :: BinPatch :: [OS: 10.13.3 | MatchOS: 10.9.x | MatchBuild: All] ==> not allowed
58:409  0:000   - [19]: com.apple.driver.AppleUSBXHCI (USB 3.0 Disable Intel USB3 controller check 10.10) :: BinPatch :: [OS: 10.13.3 | MatchOS: 10.10.x | MatchBuild: All] ==> not allowed
58:409  0:000   - [20]: com.apple.driver.AppleUSBXHCI (USB 3.0 Disable XHCI 1.0 check 10.9) :: BinPatch :: [OS: 10.13.3 | MatchOS: 10.9.x | MatchBuild: All] ==> not allowed
58:409  0:000   - [21]: com.apple.driver.AppleUSBXHCI (USB 3.0 Disable XHCI 1.0 check 10.10) :: BinPatch :: [OS: 10.13.3 | MatchOS: 10.10.x | MatchBuild: All] ==> not allowed
58:409  0:000   - [22]: com.apple.driver.AppleUSBXHCI (USB 3.0 Patch MSI or pin interrupts #1) :: BinPatch :: [OS: 10.13.3 | MatchOS: 10.9.x,10.10.x | MatchBuild: All] ==> not allowed
58:409  0:000   - [23]: com.apple.driver.AppleUSBXHCI (USB 3.0 Patch MSI or pin interrupts #2) :: BinPatch :: [OS: 10.13.3 | MatchOS: 10.9.x,10.10.x | MatchBuild: All] ==> not allowed
58:409  0:000   - [24]: com.apple.driver.AppleUSBXHCI (USB 3.0 Enable PCI power management) :: BinPatch :: [OS: 10.13.3 | MatchOS: 10.9.x,10.10.x | MatchBuild: All] ==> not allowed
58:409  0:000  Will not patch boot.efi
58:409  0:000  EmuVariable InstallEmulation: orig vars copied, emu.var.services installed, CreateEvent VirtualAddressChange = Success, CreateEvent ExitBootServices = Success, set Status=Success
58:412  0:003  === [ PatchSmbios ] =======================================
58:412  0:000  insert table 9 for dev 0:0
58:412  0:000  insert table 9 for dev 0:0
58:412  0:000  insert table 9 for dev 0:0
58:413  0:000  Trusting SMBIOS...
58:413  0:000  Detected alternating SMBIOS channel banks
58:413  0:000  Channels: 2
58:413  0:000  Interleave: 0 2 1 3 4 6 5 7 8 10 9 11 12 14 13 15 16 18 17 19 20 22 21 23
58:413  0:000   partNum=KHX1866C11S3/4G   
58:413  0:000  SMBIOS Type 17 Index = 0 => 0 0:
58:413  0:000  BANK 0 DIMM0 1333MHz 4096MB
58:413  0:000   partNum=KHX1866C11S3/4G   
58:413  0:000  SMBIOS Type 17 Index = 1 => 1 2:
58:413  0:000  BANK 1 DIMM0 1333MHz 4096MB
58:413  0:000  mTotalSystemMemory = 8192
58:413  0:000  NumberOfMemoryDevices = 2
58:413  0:000  Type20[0]->End = 0x3FFFFF, Type17[0] = 0x1000
58:413  0:000  Type20[1]->End = 0x7FFFFF, Type17[1] = 0x3000
58:413  0:000  Table 131 is present, CPUType=31
58:413  0:000  Change to: 603
58:413  0:000  === [ PatchACPI ] =========================================
58:413  0:000  Xsdt reallocation done
58:413  0:000  old FADT length=F4
58:413  0:000   SignatureFixup: 0x0 -> 0x0
58:413  0:000  Apply DsdtFixMask=0x00060050
58:413  0:000     drop _DSM mask=0xFFFF
58:413  0:000  === [ FixBiosDsdt ] =======================================
58:413  0:000  VideoCard devID=0x67601002
58:413  0:000  DisplayADR1[0] = 0x10000, DisplayADR2[0] = 0x0
58:413  0:000  VideoCard devID=0x1168086
58:413  0:000  DisplayADR1[1] = 0x20000, DisplayADR2[1] = 0xFFFE
58:414  0:000  USBADR[0] = 0x1A0000 and PCIe = 0xFFFE
58:424  0:010  Found Airport Atheros at 0x1C0003, 0x0, DeviceID=0x002B
58:424  0:000  USBADR[1] = 0x1D0000 and PCIe = 0xFFFE
58:424  0:000  Patching DSDT:
58:424  0:000   - [change _DSM to XDSM]: pattern 5F44534D, patched at: [ (7A9E) ]
58:424  0:000   - [change _OSI to XOSI]: pattern 5F4F5349, patched at: [ (8B1) (3) (11) (18) (1C) (1C) (18) (1113) (7DA) (4) (18) (1C) (1C) (18) (7501) (38) (38) (38) ]
58:425  0:000   - [change EC0 to EC]: pattern 4543305F, patched at: [ (93) (20) (95) (13) (18) (15) (18) (16) (15) (C6) (14) (18) (15) (111E) (2D8) (A9) (15) (17) (14) (16) (A2) (AE) (17) (22) (15) (15) (302) (15) (16) (16) (39) (15) (16) (16) (3EB3) (1720) (4F) (31C8) (28) (321) (71) (6AA) (220) (6F) (41) (63) (CB) (1B) (49) (70) (7D) (25) (ED30) (6CB) (16) (AC) (53) (1F) (14A) (14) (1A) (14) (1A) (14) (17) (14) (17) (14) (2A) (14) (17) (14) (17) (14) (38) (14) (26) (14) (26) (47) (21) (3D) (15) (5678) (A0) (27) (23) (37B) (5E) (2EC) (15) (27) (1F) (25) (1F) (2B) (15) (7B) (15) (22) (16) (18) (15) (A4) (15) (1E) (14) (2A) (14) (1F) (201) (5C) (37) (14) (18) (18) (1A) (14) (18) (18) (BE) (14) (18) (18) (1A) (14) (18) (18) (116) (FB) (16) (BB) (1B) (2D8E) ]
58:425  0:000   - [change EHC1 to EH01]: pattern 45484331, patched at: [ (1297) (12) (10) (40AB) (41E5) (1B1CC) ]
58:425  0:000   - [change EHC2 to EH02]: pattern 45484332, patched at: [ (12D4) (12) (10) (CC) (4138) (1F22D) ]
58:425  0:000   - [change GFX0 to IGPU]: pattern 47465830, patched at: [ (249) (2DB0) (570) (26) (21) (AD2) (1D) (1BC) (151) (2CD) (49) (177) (14) (14) (2B) (44) (22) (2A) (86) (1C) (29) (2D) (2A) (34) (24) (F) (2D) (43) (1A) (24) (1E) (19) (23) (1E) (36) (27) ]
58:426  0:000   - [Change Device(HECI) _ADR=0x00160000 to _ADR=0]: disabled
58:426  0:000   - [change HDAS to HDEF]: pattern 48444153, bin not found / already patched!
58:426  0:000   - [change B0D3 to HDAU]: pattern 42304433, bin not found / already patched!
58:426  0:000   - [change SAT0 to SATA]: pattern 53415430, bin not found / already patched!
58:427  0:000   - [change Method(UPRW,2,S) to XPRW]: pattern 55505257, patched at: [ (22E3) ]
58:427  0:000   - [change Method(GPRW,2,N) to XPRW]: pattern 47505257, bin not found / already patched!
58:427  0:000   - [change LANC Method(_PRW,0,Serialized) to Method(XPRW,0,..)]: pattern 00001900, patched at: [ (5308) ]
58:427  0:000   - [change _PTS to ZPTS]: pattern 5F505453, patched at: [ (510) ]
58:428  0:000   - [change _WAK to ZWAK]: pattern 5F57414B, patched at: [ (539) ]
58:428  0:000   - [change _WAK to ZWAK (G3)]: pattern 5F57414B, bin not found / already patched!
58:428  0:000   - [change Method(BTIF,1,Serialized) to BTI0]: pattern 42544946, patched at: [ (6656) ]
58:428  0:000   - [change Method(BTIF,1,Serialized) to BTI0 (G3)]: pattern 42544946, bin not found / already patched!
58:429  0:000   - [change Method(BTST,2,Serialized) to BTS1]: pattern 42545354, patched at: [ (6769) ]
58:429  0:000   - [change Method(BTST,2,Serialized) to BTS1 (G3)]: pattern 42545354, bin not found / already patched!
58:429  0:000   - [change Method(SBTC,3,NotSerialized) to SBT2]: pattern 53425443, patched at: [ (6FE0) ]
58:429  0:000   - [change Method(GBTI,1,NotSerialized) to GBT3]: pattern 47425449, patched at: [ (6904) ]
58:430  0:000   - [change Method(GBTC,0,NotSerialized) to GBT4]: pattern 47425443, patched at: [ (6D9F) ]
58:430  0:000   - [change Method(ITLB,0,NotSerialized) to ITL1 (for G4)]: pattern 49544C42, patched at: [ (68D2) ]
58:430  0:000   - [change Name(NBTI,..) to NBT5]: pattern 084E4254, patched at: [ (B156) ]
58:430  0:000   - [change Notify(\_SB.BAT0,...) to Notify(_SB.BATC,...)]: pattern 865C2E5F, patched at: [ (7454) (71) (64) (49) ]
58:431  0:000   - [change Notify(\_SB.BAT1,...) to Notify(_SB.BATC,...)]: pattern 865C2E5F, patched at: [ (743F) (10A) (19) (23) ]
58:431  0:000   - [change Notify(BAT0,...) to Notify(BATC,...)]: pattern 86424154, bin not found / already patched!
58:431  0:000   - [change Notify(BAT1,...) to Notify(BATC,...)]: pattern 86424154, bin not found / already patched!
58:431  0:000   - [change Method(RDSS,1,S) to XDSS]: pattern 52445353, bin not found / already patched!
58:431  0:000   - [change EC Method(_REG,2,N) to XREG, 4x40s, 4x30s]: pattern 5F524547, patched at: [ (5CFC) ]
58:432  0:000   - [change EC Method(_REG,2,N) to XREG, 4x0 G3 Skylake]: pattern 5F524547, bin not found / already patched!
58:432  0:000   - [RTC fix]: pattern 47017000, patched at: [ (7FDB) ]
58:432  0:000  first CPU found at 1449 offset 144C
58:432  0:000  score candidate at 1445
58:432  0:000  score inserted in acpi_cpu_score _PR_
58:432  0:000  Found ACPI CPU: CPU0 | CPU1 | CPU2 | CPU3 | CPU4 | CPU5 | CPU6 | CPU7 , within the score: _PR_
58:433  0:000  Start RTC Fix
58:433  0:000  found RTC Length not match, Maybe will cause CMOS reset will patch it.
58:433  0:000  found RTC had IRQNoFlag will move -3 bytes
58:433  0:000  ...len=248E7
58:433  0:000  new size written to 7FD7 shift=0 len=248E7
58:433  0:000  len after correct outers 248E7
58:433  0:000  Start TMR Fix
58:434  0:000  Start PIC Fix
58:434  0:000  PIC size=A5 at 7E5C
58:434  0:000  found CRS at 7E70 size 8D
58:434  0:000  found PIC had IRQNoFlag will move -3 bytes
58:434  0:000  Fix Device PIC size -3
58:434  0:000  Start HPET Fix
58:435  0:001  PreCleanup XSDT: count=10, length=116
58:435  0:000  PreCleanup XSDT, corrected XSDT: count=10, length=116
58:435  0:000  === [ ACPIDropTables ] ====================================
58:435  0:000  Drop tables from XSDT, SIGN=SSDT TableID=PtidDevc Length=1162
58:435  0:000   Table[6]: SSDT  PtidDevc  1162 dropped
58:435  0:000  === [ PatchAllSSDT ] ======================================
58:435  0:000  Patch table: SSDT  SataAhci len=0x283
58:435  0:000  0. [change _DSM to XDSM]: pattern 5F44534D, patched at: [ (9D) ]
58:435  0:000  1. [change _OSI to XOSI]: pattern 5F4F5349, bin not found / already patched!
58:435  0:000  2. [change EC0 to EC]: pattern 4543305F, bin not found / already patched!
58:435  0:000  3. [change EHC1 to EH01]: pattern 45484331, bin not found / already patched!
58:435  0:000  4. [change EHC2 to EH02]: pattern 45484332, bin not found / already patched!
58:435  0:000  5. [change GFX0 to IGPU]: pattern 47465830, bin not found / already patched!
58:435  0:000  6. [Change Device(HECI) _ADR=0x00160000 to _ADR=0]: disabled
58:435  0:000  7. [change HDAS to HDEF]: pattern 48444153, bin not found / already patched!
58:435  0:000  8. [change B0D3 to HDAU]: pattern 42304433, bin not found / already patched!
58:435  0:000  9. [change SAT0 to SATA]: pattern 53415430, bin not found / already patched!
58:435  0:000  10. [change Method(UPRW,2,S) to XPRW]: pattern 55505257, bin not found / already patched!
58:435  0:000  11. [change Method(GPRW,2,N) to XPRW]: pattern 47505257, bin not found / already patched!
58:435  0:000  12. [change LANC Method(_PRW,0,Serialized) to Method(XPRW,0,..)]: pattern 00001900, bin not found / already patched!
58:435  0:000  13. [change _PTS to ZPTS]: pattern 5F505453, bin not found / already patched!
58:435  0:000  14. [change _WAK to ZWAK]: pattern 5F57414B, bin not found / already patched!
58:435  0:000  15. [change _WAK to ZWAK (G3)]: pattern 5F57414B, bin not found / already patched!
58:435  0:000  16. [change Method(BTIF,1,Serialized) to BTI0]: pattern 42544946, bin not found / already patched!
58:435  0:000  17. [change Method(BTIF,1,Serialized) to BTI0 (G3)]: pattern 42544946, bin not found / already patched!
58:435  0:000  18. [change Method(BTST,2,Serialized) to BTS1]: pattern 42545354, bin not found / already patched!
58:435  0:000  19. [change Method(BTST,2,Serialized) to BTS1 (G3)]: pattern 42545354, bin not found / already patched!
58:435  0:000  20. [change Method(SBTC,3,NotSerialized) to SBT2]: pattern 53425443, bin not found / already patched!
58:435  0:000  21. [change Method(GBTI,1,NotSerialized) to GBT3]: pattern 47425449, bin not found / already patched!
58:435  0:000  22. [change Method(GBTC,0,NotSerialized) to GBT4]: pattern 47425443, bin not found / already patched!
58:435  0:000  23. [change Method(ITLB,0,NotSerialized) to ITL1 (for G4)]: pattern 49544C42, bin not found / already patched!
58:435  0:000  24. [change Name(NBTI,..) to NBT5]: pattern 084E4254, bin not found / already patched!
58:435  0:000  25. [change Notify(\_SB.BAT0,...) to Notify(_SB.BATC,...)]: pattern 865C2E5F, bin not found / already patched!
58:435  0:000  26. [change Notify(\_SB.BAT1,...) to Notify(_SB.BATC,...)]: pattern 865C2E5F, bin not found / already patched!
58:435  0:000  27. [change Notify(BAT0,...) to Notify(BATC,...)]: pattern 86424154, bin not found / already patched!
58:435  0:000  28. [change Notify(BAT1,...) to Notify(BATC,...)]: pattern 86424154, bin not found / already patched!
58:435  0:000  29. [change Method(RDSS,1,S) to XDSS]: pattern 52445353, bin not found / already patched!
58:435  0:000  30. [change EC Method(_REG,2,N) to XREG, 4x40s, 4x30s]: pattern 5F524547, bin not found / already patched!
58:435  0:000  31. [change EC Method(_REG,2,N) to XREG, 4x0 G3 Skylake]: pattern 5F524547, bin not found / already patched!
58:435  0:000  32. [RTC fix]: pattern 47017000, bin not found / already patched!
58:435  0:000  Patch table: SSDT  Cpu0Ist len=0x78C
58:435  0:000  0. [change _DSM to XDSM]: pattern 5F44534D, bin not found / already patched!
58:435  0:000  1. [change _OSI to XOSI]: pattern 5F4F5349, bin not found / already patched!
58:435  0:000  2. [change EC0 to EC]: pattern 4543305F, bin not found / already patched!
58:435  0:000  3. [change EHC1 to EH01]: pattern 45484331, bin not found / already patched!
58:436  0:000  4. [change EHC2 to EH02]: pattern 45484332, bin not found / already patched!
58:436  0:000  5. [change GFX0 to IGPU]: pattern 47465830, bin not found / already patched!
58:436  0:000  6. [Change Device(HECI) _ADR=0x00160000 to _ADR=0]: disabled
58:436  0:000  7. [change HDAS to HDEF]: pattern 48444153, bin not found / already patched!
58:436  0:000  8. [change B0D3 to HDAU]: pattern 42304433, bin not found / already patched!
58:436  0:000  9. [change SAT0 to SATA]: pattern 53415430, bin not found / already patched!
58:436  0:000  10. [change Method(UPRW,2,S) to XPRW]: pattern 55505257, bin not found / already patched!
58:436  0:000  11. [change Method(GPRW,2,N) to XPRW]: pattern 47505257, bin not found / already patched!
58:436  0:000  12. [change LANC Method(_PRW,0,Serialized) to Method(XPRW,0,..)]: pattern 00001900, bin not found / already patched!
58:436  0:000  13. [change _PTS to ZPTS]: pattern 5F505453, bin not found / already patched!
58:436  0:000  14. [change _WAK to ZWAK]: pattern 5F57414B, bin not found / already patched!
58:436  0:000  15. [change _WAK to ZWAK (G3)]: pattern 5F57414B, bin not found / already patched!
58:436  0:000  16. [change Method(BTIF,1,Serialized) to BTI0]: pattern 42544946, bin not found / already patched!
58:436  0:000  17. [change Method(BTIF,1,Serialized) to BTI0 (G3)]: pattern 42544946, bin not found / already patched!
58:436  0:000  18. [change Method(BTST,2,Serialized) to BTS1]: pattern 42545354, bin not found / already patched!
58:436  0:000  19. [change Method(BTST,2,Serialized) to BTS1 (G3)]: pattern 42545354, bin not found / already patched!
58:436  0:000  20. [change Method(SBTC,3,NotSerialized) to SBT2]: pattern 53425443, bin not found / already patched!
58:436  0:000  21. [change Method(GBTI,1,NotSerialized) to GBT3]: pattern 47425449, bin not found / already patched!
58:436  0:000  22. [change Method(GBTC,0,NotSerialized) to GBT4]: pattern 47425443, bin not found / already patched!
58:436  0:000  23. [change Method(ITLB,0,NotSerialized) to ITL1 (for G4)]: pattern 49544C42, bin not found / already patched!
58:436  0:000  24. [change Name(NBTI,..) to NBT5]: pattern 084E4254, bin not found / already patched!
58:436  0:000  25. [change Notify(\_SB.BAT0,...) to Notify(_SB.BATC,...)]: pattern 865C2E5F, bin not found / already patched!
58:436  0:000  26. [change Notify(\_SB.BAT1,...) to Notify(_SB.BATC,...)]: pattern 865C2E5F, bin not found / already patched!
58:436  0:000  27. [change Notify(BAT0,...) to Notify(BATC,...)]: pattern 86424154, bin not found / already patched!
58:436  0:000  28. [change Notify(BAT1,...) to Notify(BATC,...)]: pattern 86424154, bin not found / already patched!
58:436  0:000  29. [change Method(RDSS,1,S) to XDSS]: pattern 52445353, bin not found / already patched!
58:436  0:000  30. [change EC Method(_REG,2,N) to XREG, 4x40s, 4x30s]: pattern 5F524547, bin not found / already patched!
58:436  0:000  31. [change EC Method(_REG,2,N) to XREG, 4x0 G3 Skylake]: pattern 5F524547, bin not found / already patched!
58:436  0:000  32. [RTC fix]: pattern 47017000, bin not found / already patched!
58:436  0:000  Patch table: SSDT  CpuPm len=0x9B1
58:436  0:000  0. [change _DSM to XDSM]: pattern 5F44534D, bin not found / already patched!
58:436  0:000  1. [change _OSI to XOSI]: pattern 5F4F5349, bin not found / already patched!
58:436  0:000  2. [change EC0 to EC]: pattern 4543305F, bin not found / already patched!
58:436  0:000  3. [change EHC1 to EH01]: pattern 45484331, bin not found / already patched!
58:436  0:000  4. [change EHC2 to EH02]: pattern 45484332, bin not found / already patched!
58:436  0:000  5. [change GFX0 to IGPU]: pattern 47465830, bin not found / already patched!
58:436  0:000  6. [Change Device(HECI) _ADR=0x00160000 to _ADR=0]: disabled
58:436  0:000  7. [change HDAS to HDEF]: pattern 48444153, bin not found / already patched!
58:436  0:000  8. [change B0D3 to HDAU]: pattern 42304433, bin not found / already patched!
58:436  0:000  9. [change SAT0 to SATA]: pattern 53415430, bin not found / already patched!
58:436  0:000  10. [change Method(UPRW,2,S) to XPRW]: pattern 55505257, bin not found / already patched!
58:436  0:000  11. [change Method(GPRW,2,N) to XPRW]: pattern 47505257, bin not found / already patched!
58:436  0:000  12. [change LANC Method(_PRW,0,Serialized) to Method(XPRW,0,..)]: pattern 00001900, bin not found / already patched!
58:436  0:000  13. [change _PTS to ZPTS]: pattern 5F505453, bin not found / already patched!
58:436  0:000  14. [change _WAK to ZWAK]: pattern 5F57414B, bin not found / already patched!
58:436  0:000  15. [change _WAK to ZWAK (G3)]: pattern 5F57414B, bin not found / already patched!
58:436  0:000  16. [change Method(BTIF,1,Serialized) to BTI0]: pattern 42544946, bin not found / already patched!
58:436  0:000  17. [change Method(BTIF,1,Serialized) to BTI0 (G3)]: pattern 42544946, bin not found / already patched!
58:436  0:000  18. [change Method(BTST,2,Serialized) to BTS1]: pattern 42545354, bin not found / already patched!
58:436  0:000  19. [change Method(BTST,2,Serialized) to BTS1 (G3)]: pattern 42545354, bin not found / already patched!
58:436  0:000  20. [change Method(SBTC,3,NotSerialized) to SBT2]: pattern 53425443, bin not found / already patched!
58:436  0:000  21. [change Method(GBTI,1,NotSerialized) to GBT3]: pattern 47425449, bin not found / already patched!
58:436  0:000  22. [change Method(GBTC,0,NotSerialized) to GBT4]: pattern 47425443, bin not found / already patched!
58:436  0:000  23. [change Method(ITLB,0,NotSerialized) to ITL1 (for G4)]: pattern 49544C42, bin not found / already patched!
58:436  0:000  24. [change Name(NBTI,..) to NBT5]: pattern 084E4254, bin not found / already patched!
58:436  0:000  25. [change Notify(\_SB.BAT0,...) to Notify(_SB.BATC,...)]: pattern 865C2E5F, bin not found / already patched!
58:436  0:000  26. [change Notify(\_SB.BAT1,...) to Notify(_SB.BATC,...)]: pattern 865C2E5F, bin not found / already patched!
58:436  0:000  27. [change Notify(BAT0,...) to Notify(BATC,...)]: pattern 86424154, bin not found / already patched!
58:436  0:000  28. [change Notify(BAT1,...) to Notify(BATC,...)]: pattern 86424154, bin not found / already patched!
58:436  0:000  29. [change Method(RDSS,1,S) to XDSS]: pattern 52445353, bin not found / already patched!
58:436  0:000  30. [change EC Method(_REG,2,N) to XREG, 4x40s, 4x30s]: pattern 5F524547, bin not found / already patched!
58:436  0:000  31. [change EC Method(_REG,2,N) to XREG, 4x0 G3 Skylake]: pattern 5F524547, bin not found / already patched!
58:436  0:000  32. [RTC fix]: pattern 47017000, bin not found / already patched!
58:436  0:000  Patch table: SSDT  SgTabl len=0xBC0
58:436  0:000  0. [change _DSM to XDSM]: pattern 5F44534D, patched at: [ (22D) ]
58:436  0:000  1. [change _OSI to XOSI]: pattern 5F4F5349, bin not found / already patched!
58:436  0:000  2. [change EC0 to EC]: pattern 4543305F, bin not found / already patched!
58:436  0:000  3. [change EHC1 to EH01]: pattern 45484331, bin not found / already patched!
58:436  0:000  4. [change EHC2 to EH02]: pattern 45484332, bin not found / already patched!
58:436  0:000  5. [change GFX0 to IGPU]: pattern 47465830, patched at: [ (1E) (27C) (11) (5DA) (1E) (23) (1B) (1B) (1B) (23) (22) (22) (22) (22) (22) ]
58:436  0:000  6. [Change Device(HECI) _ADR=0x00160000 to _ADR=0]: disabled
58:436  0:000  7. [change HDAS to HDEF]: pattern 48444153, bin not found / already patched!
58:436  0:000  8. [change B0D3 to HDAU]: pattern 42304433, bin not found / already patched!
58:436  0:000  9. [change SAT0 to SATA]: pattern 53415430, bin not found / already patched!
58:436  0:000  10. [change Method(UPRW,2,S) to XPRW]: pattern 55505257, bin not found / already patched!
58:436  0:000  11. [change Method(GPRW,2,N) to XPRW]: pattern 47505257, bin not found / already patched!
58:436  0:000  12. [change LANC Method(_PRW,0,Serialized) to Method(XPRW,0,..)]: pattern 00001900, bin not found / already patched!
58:436  0:000  13. [change _PTS to ZPTS]: pattern 5F505453, bin not found / already patched!
58:436  0:000  14. [change _WAK to ZWAK]: pattern 5F57414B, bin not found / already patched!
58:436  0:000  15. [change _WAK to ZWAK (G3)]: pattern 5F57414B, bin not found / already patched!
58:436  0:000  16. [change Method(BTIF,1,Serialized) to BTI0]: pattern 42544946, bin not found / already patched!
58:436  0:000  17. [change Method(BTIF,1,Serialized) to BTI0 (G3)]: pattern 42544946, bin not found / already patched!
58:436  0:000  18. [change Method(BTST,2,Serialized) to BTS1]: pattern 42545354, bin not found / already patched!
58:436  0:000  19. [change Method(BTST,2,Serialized) to BTS1 (G3)]: pattern 42545354, bin not found / already patched!
58:436  0:000  20. [change Method(SBTC,3,NotSerialized) to SBT2]: pattern 53425443, bin not found / already patched!
58:436  0:000  21. [change Method(GBTI,1,NotSerialized) to GBT3]: pattern 47425449, bin not found / already patched!
58:436  0:000  22. [change Method(GBTC,0,NotSerialized) to GBT4]: pattern 47425443, bin not found / already patched!
58:436  0:000  23. [change Method(ITLB,0,NotSerialized) to ITL1 (for G4)]: pattern 49544C42, bin not found / already patched!
58:436  0:000  24. [change Name(NBTI,..) to NBT5]: pattern 084E4254, bin not found / already patched!
58:436  0:000  25. [change Notify(\_SB.BAT0,...) to Notify(_SB.BATC,...)]: pattern 865C2E5F, bin not found / already patched!
58:436  0:000  26. [change Notify(\_SB.BAT1,...) to Notify(_SB.BATC,...)]: pattern 865C2E5F, bin not found / already patched!
58:436  0:000  27. [change Notify(BAT0,...) to Notify(BATC,...)]: pattern 86424154, bin not found / already patched!
58:436  0:000  28. [change Notify(BAT1,...) to Notify(BATC,...)]: pattern 86424154, bin not found / already patched!
58:436  0:000  29. [change Method(RDSS,1,S) to XDSS]: pattern 52445353, bin not found / already patched!
58:436  0:000  30. [change EC Method(_REG,2,N) to XREG, 4x40s, 4x30s]: pattern 5F524547, bin not found / already patched!
58:436  0:000  31. [change EC Method(_REG,2,N) to XREG, 4x0 G3 Skylake]: pattern 5F524547, bin not found / already patched!
58:436  0:000  32. [RTC fix]: pattern 47017000, bin not found / already patched!
58:436  0:000  === [ ACPIPatchedAML ] ====================================
58:436  0:000  Unsorted
58:436  0:000  Inserting ssdt.aml from EFI\CLOVER\ACPI\patched: size=1359 ... Success
58:439  0:002  Inserting SSDT-4x30s.aml from EFI\CLOVER\ACPI\patched: size=10741 ... Success
58:441  0:002  Inserting SSDT-FAN-READ.aml from EFI\CLOVER\ACPI\patched: size=712 ... Success
58:441  0:000  Inserting SSDT-IGPU.aml from EFI\CLOVER\ACPI\patched: size=2613 ... Success
58:441  0:000  CPUBase=0 and ApicCPUBase=0 ApicCPUNum=8
58:441  0:000  Cleanup XSDT: count=14, length=148
58:441  0:000  corrected XSDT count=13, length=140
58:441  0:000  === [ RestSetup macOS ] ===================================
58:441  0:000  EdidDiscovered size=128
58:441  0:000  --- Discovered EDID Table size:128
58:441  0:000  000  |  00  FF  FF  FF  FF  FF  FF  00  30  E4
58:441  0:000  010  |  F1  02  00  00  00  00  00  14  01  03
58:441  0:000  020  |  80  22  13  78  0A  05  85  9B  5B  54
58:441  0:000  030  |  94  26  0E  50  54  00  00  00  01  01
58:441  0:000  040  |  01  01  01  01  01  01  01  01  01  01
58:441  0:000  050  |  01  01  01  01  12  1B  56  72  50  00
58:441  0:000  060  |  0C  30  24  28  35  00  58  C2  10  00
58:441  0:000  070  |  00  19  00  00  00  00  00  00  00  00
58:441  0:000  080  |  00  00  00  00  00  00  00  00  00  00
58:441  0:000  090  |  00  00  00  FE  00  4C  47  20  44  69
58:441  0:000  100  |  73  70  6C  61  79  0A  20  20  00  00
58:442  0:000  110  |  00  FE  00  4C  50  31  35  36  57  48
58:442  0:000  120  |  34  2D  54  4C  44  31  00  FF
58:442  0:000  ATI injection not set
58:442  0:000  Intel GFX injection not set
58:442  0:000  stringlength = 150
58:442  0:000  CurrentMode: Width=1024 Height=768
58:442  0:000  Beginning FSInjection
FSInjectionInstall ...
- Our FSI_SIMPLE_FILE_SYSTEM_PROTOCOL installed on handle: A93A3398
FSInjectionInstall ...
- Our FSI_SIMPLE_FILE_SYSTEM_PROTOCOL installed on handle: A93A3398
58:443  0:001  Use origin smbios table type 1 guid.
58:444  0:000  Preparing kexts injection for arch=x86_64 from EFI\CLOVER\kexts\Other
58:444  0:000  Extra kext: EFI\CLOVER\kexts\Other\AppleBacklightInjector.kext (v.0.9.0)
58:449  0:004  Extra kext: EFI\CLOVER\kexts\Other\ProBookAtheros.kext (v.1.0.3)
58:455  0:006  Extra kext: EFI\CLOVER\kexts\Other\FakePCIID_Broadcom_WiFi.kext (v.1.3.9)
58:466  0:010  Extra kext: EFI\CLOVER\kexts\Other\FakePCIID.kext (v.1.3.9)
58:475  0:008  Extra kext: EFI\CLOVER\kexts\Other\IntelMausiEthernet.kext (v.2.3.0)
58:487  0:011  Extra kext: EFI\CLOVER\kexts\Other\RealtekRTL8111.kext (v.2.2.1)
58:502  0:014  Extra kext: EFI\CLOVER\kexts\Other\VoodooPS2Controller.kext (v.1.8.29)
58:519  0:016    |-- PlugIn kext: EFI\CLOVER\kexts\Other\VoodooPS2Controller.kext\Contents\PlugIns\VoodooPS2Trackpad.kext (v.1.8.29)
58:553  0:034    |-- PlugIn kext: EFI\CLOVER\kexts\Other\VoodooPS2Controller.kext\Contents\PlugIns\VoodooPS2Mouse.kext (v.1.8.29)
58:568  0:014    |-- PlugIn kext: EFI\CLOVER\kexts\Other\VoodooPS2Controller.kext\Contents\PlugIns\VoodooPS2Keyboard.kext (v.1.8.29)
58:620  0:051  Extra kext: EFI\CLOVER\kexts\Other\IntelGraphicsFixup.kext (v.1.2.0)
58:630  0:010  Extra kext: EFI\CLOVER\kexts\Other\Lilu.kext (v.1.2.2)
58:638  0:008  Extra kext: EFI\CLOVER\kexts\Other\USBInjectAll.kext (v.0.6.4)
59:151  0:512  Extra kext: EFI\CLOVER\kexts\Other\SATA-100-series-unsupported.kext (v.0.5.1)
59:154  0:003  Extra kext: EFI\CLOVER\kexts\Other\FakeSMC.kext (v.1765)
59:180  0:025  Preparing kexts injection for arch=x86_64 from EFI\CLOVER\kexts\10.13
59:181  0:000  SetScreenResolution: 1024x768 - already set
59:209  0:028  Custom boot is disabled
59:209  0:000  Closing log
